#
# There is insufficient memory for the Java Runtime Environment to continue.
# Native memory allocation (mmap) failed to map 413663232 bytes for committing reserved memory.
# Possible reasons:
#   The system is out of physical RAM or swap space
#   In 32 bit mode, the process size limit was hit
# Possible solutions:
#   Reduce memory load on the system
#   Increase physical memory or swap space
#   Check if swap backing store is full
#   Use 64 bit Java on a 64 bit OS
#   Decrease Java heap size (-Xmx/-Xms)
#   Decrease number of Java threads
#   Decrease Java thread stack sizes (-Xss)
#   Set larger code cache with -XX:ReservedCodeCacheSize=
# This output file may be truncated or incomplete.
#
#  Out of Memory Error (os_linux.cpp:2643), pid=29689, tid=0x00007f0f63afa700
#
# JRE version: OpenJDK Runtime Environment (8.0_181-b13) (build 1.8.0_181-8u181-b13-1ubuntu0.16.04.1-b13)
# Java VM: OpenJDK 64-Bit Server VM (25.181-b13 mixed mode linux-amd64 compressed oops)
# Failed to write core dump. Core dumps have been disabled. To enable core dumping, try "ulimit -c unlimited" before starting Java again
#

---------------  T H R E A D  ---------------

Current thread (0x00007f0f9c084800):  VMThread [stack: 0x00007f0f639fa000,0x00007f0f63afb000] [id=29701]

Stack: [0x00007f0f639fa000,0x00007f0f63afb000],  sp=0x00007f0f63af94c0,  free space=1021k
Native frames: (J=compiled Java code, j=interpreted, Vv=VM code, C=native code)
V  [libjvm.so+0xa70f1b]
V  [libjvm.so+0x4c893c]
V  [libjvm.so+0x8bda48]
V  [libjvm.so+0x8b7dde]
V  [libjvm.so+0x933246]
V  [libjvm.so+0x934573]
V  [libjvm.so+0x930c3b]
V  [libjvm.so+0x930eec]
V  [libjvm.so+0x8e2803]
V  [libjvm.so+0xa72bc2]
V  [libjvm.so+0xa77d67]
V  [libjvm.so+0xa75467]
V  [libjvm.so+0xa768ef]
V  [libjvm.so+0xa76de1]
V  [libjvm.so+0x8bae52]

VM_Operation (0x00007f0f60ffc130): ParallelGCFailedAllocation, mode: safepoint, requested by thread 0x00007f0ef4003000


---------------  P R O C E S S  ---------------

Java Threads: ( => current thread )
  0x00007f0ef4003000 JavaThread "pool-2-thread-5" [_thread_blocked, id=29731, stack(0x00007f0f60efd000,0x00007f0f60ffe000)]
  0x00007f0f1c00b000 JavaThread "pool-1-thread-6" [_thread_blocked, id=29730, stack(0x00007f0f60ffe000,0x00007f0f610ff000)]
  0x00007f0efc003000 JavaThread "pool-2-thread-4" [_thread_blocked, id=29729, stack(0x00007f0f610ff000,0x00007f0f61200000)]
  0x00007f0f1c009800 JavaThread "pool-1-thread-5" [_thread_blocked, id=29728, stack(0x00007f0f61200000,0x00007f0f61301000)]
  0x00007f0f04003000 JavaThread "pool-2-thread-3" [_thread_blocked, id=29727, stack(0x00007f0f61301000,0x00007f0f61402000)]
  0x00007f0f1c008000 JavaThread "pool-1-thread-4" [_thread_blocked, id=29726, stack(0x00007f0f61402000,0x00007f0f61503000)]
  0x00007f0f0c003000 JavaThread "pool-2-thread-2" [_thread_blocked, id=29725, stack(0x00007f0f61703000,0x00007f0f61804000)]
  0x00007f0f1c006000 JavaThread "pool-1-thread-3" [_thread_blocked, id=29724, stack(0x00007f0f61804000,0x00007f0f61905000)]
  0x00007f0f140e8000 JavaThread "pool-2-thread-1" [_thread_blocked, id=29723, stack(0x00007f0f61b05000,0x00007f0f61c06000)]
  0x00007f0f1c003000 JavaThread "pool-1-thread-2" [_thread_blocked, id=29722, stack(0x00007f0f61e06000,0x00007f0f61f07000)]
  0x00007f0f1c001800 JavaThread "pool-1-thread-1" [_thread_blocked, id=29713, stack(0x00007f0f61f07000,0x00007f0f62008000)]
  0x00007f0f9c00b000 JavaThread "DestroyJavaVM" [_thread_blocked, id=29690, stack(0x00007f0fa3107000,0x00007f0fa3208000)]
  0x00007f0f9c2fd800 JavaThread "Thread-3" [_thread_in_native, id=29712, stack(0x00007f0f62008000,0x00007f0f62109000)]
  0x00007f0f9c2f6000 JavaThread "server-timer" daemon [_thread_blocked, id=29711, stack(0x00007f0f62109000,0x00007f0f6220a000)]
  0x00007f0f9c0d6800 JavaThread "Service Thread" daemon [_thread_blocked, id=29709, stack(0x00007f0f62833000,0x00007f0f62934000)]
  0x00007f0f9c0cb800 JavaThread "C1 CompilerThread3" daemon [_thread_blocked, id=29708, stack(0x00007f0f62934000,0x00007f0f62a35000)]
  0x00007f0f9c0c9800 JavaThread "C2 CompilerThread2" daemon [_thread_blocked, id=29707, stack(0x00007f0f62a35000,0x00007f0f62b36000)]
  0x00007f0f9c0c7800 JavaThread "C2 CompilerThread1" daemon [_thread_blocked, id=29706, stack(0x00007f0f62b36000,0x00007f0f62c37000)]
  0x00007f0f9c0c4800 JavaThread "C2 CompilerThread0" daemon [_thread_blocked, id=29705, stack(0x00007f0f62c37000,0x00007f0f62d38000)]
  0x00007f0f9c0c3000 JavaThread "Signal Dispatcher" daemon [_thread_blocked, id=29704, stack(0x00007f0f62d38000,0x00007f0f62e39000)]
  0x00007f0f9c091000 JavaThread "Finalizer" daemon [_thread_blocked, id=29703, stack(0x00007f0f637f8000,0x00007f0f638f9000)]
  0x00007f0f9c08e800 JavaThread "Reference Handler" daemon [_thread_blocked, id=29702, stack(0x00007f0f638f9000,0x00007f0f639fa000)]

Other Threads:
=>0x00007f0f9c084800 VMThread [stack: 0x00007f0f639fa000,0x00007f0f63afb000] [id=29701]
  0x00007f0f9c0d9000 WatcherThread [stack: 0x00007f0f62732000,0x00007f0f62833000] [id=29710]

VM state:at safepoint (normal execution)

VM Mutex/Monitor currently owned by a thread:  ([mutex/lock_event])
[0x00007f0f9c007420] Threads_lock - owner thread: 0x00007f0f9c084800
[0x00007f0f9c007920] Heap_lock - owner thread: 0x00007f0ef4003000

Heap:
 PSYoungGen      total 279040K, used 3780K [0x000000076ab00000, 0x000000077d000000, 0x00000007c0000000)
  eden space 258048K, 0% used [0x000000076ab00000,0x000000076ab00000,0x000000077a700000)
  from space 20992K, 18% used [0x000000077a700000,0x000000077aab12b8,0x000000077bb80000)
  to   space 20992K, 0% used [0x000000077bb80000,0x000000077bb80000,0x000000077d000000)
 ParOldGen       total 443904K, used 159951K [0x00000006c0000000, 0x00000006db180000, 0x000000076ab00000)
  object space 443904K, 36% used [0x00000006c0000000,0x00000006c9c33d38,0x00000006db180000)
 Metaspace       used 13436K, capacity 13946K, committed 14208K, reserved 1062912K
  class space    used 1427K, capacity 1575K, committed 1664K, reserved 1048576K

Card table byte_map: [0x00007f0f8be18000,0x00007f0f8c619000] byte_map_base: 0x00007f0f88818000

Marking Bits: (ParMarkBitMap*) 0x00007f0fa23d83a0
 Begin Bits: [0x00007f0f7c000000, 0x00007f0f80000000)
 End Bits:   [0x00007f0f80000000, 0x00007f0f84000000)

Polling page: 0x00007f0fa322c000

CodeCache: size=245760Kb used=9235Kb max_used=9251Kb free=236524Kb
 bounds [0x00007f0f8c9d9000, 0x00007f0f8d2f9000, 0x00007f0f9b9d9000]
 total_blobs=2720 nmethods=2346 adapters=288
 compilation: enabled

Compilation events (10 events):
Event: 6.355 Thread 0x00007f0f9c0c7800 nmethod 2282 0x00007f0f8d2d9410 code [0x00007f0f8d2d9b80, 0x00007f0f8d2e04d0]
Event: 6.355 Thread 0x00007f0f9c0c7800 2345 %     4       edu.stanford.nlp.trees.tregex.TregexMatcher::find @ 34 (81 bytes)
Event: 6.357 Thread 0x00007f0f9c0cb800 2360       3       java.net.URI::match (56 bytes)
Event: 6.357 Thread 0x00007f0f9c0cb800 nmethod 2360 0x00007f0f8d2cec90 code [0x00007f0f8d2cee00, 0x00007f0f8d2cf110]
Event: 6.357 Thread 0x00007f0f9c0cb800 2361 %     3       java.util.Properties$LineReader::readLine @ 21 (468 bytes)
Event: 6.358 Thread 0x00007f0f9c0cb800 nmethod 2361% 0x00007f0f8d2d6ad0 code [0x00007f0f8d2d6d80, 0x00007f0f8d2d88e8]
Event: 6.358 Thread 0x00007f0f9c0cb800 2362       3       java.util.regex.Pattern::read (33 bytes)
Event: 6.359 Thread 0x00007f0f9c0cb800 nmethod 2362 0x00007f0f8d2d6550 code [0x00007f0f8d2d66e0, 0x00007f0f8d2d69a8]
Event: 6.359 Thread 0x00007f0f9c0cb800 2363       3       java.util.Dictionary::<init> (5 bytes)
Event: 6.359 Thread 0x00007f0f9c0cb800 nmethod 2363 0x00007f0f8d2d6190 code [0x00007f0f8d2d6300, 0x00007f0f8d2d64b0]

GC Heap History (10 events):
Event: 3.203 GC heap after
Heap after GC invocations=1 (full 0):
 PSYoungGen      total 150016K, used 20963K [0x000000076ab00000, 0x0000000775200000, 0x00000007c0000000)
  eden space 129024K, 0% used [0x000000076ab00000,0x000000076ab00000,0x0000000772900000)
  from space 20992K, 99% used [0x0000000772900000,0x0000000773d78cf8,0x0000000773d80000)
  to   space 20992K, 0% used [0x0000000773d80000,0x0000000773d80000,0x0000000775200000)
 ParOldGen       total 343040K, used 41408K [0x00000006c0000000, 0x00000006d4f00000, 0x000000076ab00000)
  object space 343040K, 12% used [0x00000006c0000000,0x00000006c2870070,0x00000006d4f00000)
 Metaspace       used 9093K, capacity 9370K, committed 9600K, reserved 1058816K
  class space    used 1016K, capacity 1113K, committed 1152K, reserved 1048576K
}
Event: 3.385 GC heap before
{Heap before GC invocations=2 (full 0):
 PSYoungGen      total 150016K, used 149987K [0x000000076ab00000, 0x0000000775200000, 0x00000007c0000000)
  eden space 129024K, 100% used [0x000000076ab00000,0x0000000772900000,0x0000000772900000)
  from space 20992K, 99% used [0x0000000772900000,0x0000000773d78cf8,0x0000000773d80000)
  to   space 20992K, 0% used [0x0000000773d80000,0x0000000773d80000,0x0000000775200000)
 ParOldGen       total 343040K, used 41408K [0x00000006c0000000, 0x00000006d4f00000, 0x000000076ab00000)
  object space 343040K, 12% used [0x00000006c0000000,0x00000006c2870070,0x00000006d4f00000)
 Metaspace       used 9159K, capacity 9440K, committed 9600K, reserved 1058816K
  class space    used 1018K, capacity 1114K, committed 1152K, reserved 1048576K
Event: 3.413 GC heap after
Heap after GC invocations=2 (full 0):
 PSYoungGen      total 150016K, used 20963K [0x000000076ab00000, 0x000000077d000000, 0x00000007c0000000)
  eden space 129024K, 0% used [0x000000076ab00000,0x000000076ab00000,0x0000000772900000)
  from space 20992K, 99% used [0x0000000773d80000,0x00000007751f8d08,0x0000000775200000)
  to   space 20992K, 0% used [0x0000000772900000,0x0000000772900000,0x0000000773d80000)
 ParOldGen       total 343040K, used 87048K [0x00000006c0000000, 0x00000006d4f00000, 0x000000076ab00000)
  object space 343040K, 25% used [0x00000006c0000000,0x00000006c5502070,0x00000006d4f00000)
 Metaspace       used 9159K, capacity 9440K, committed 9600K, reserved 1058816K
  class space    used 1018K, capacity 1114K, committed 1152K, reserved 1048576K
}
Event: 4.102 GC heap before
{Heap before GC invocations=3 (full 0):
 PSYoungGen      total 150016K, used 149958K [0x000000076ab00000, 0x000000077d000000, 0x00000007c0000000)
  eden space 129024K, 99% used [0x000000076ab00000,0x00000007728f8c80,0x0000000772900000)
  from space 20992K, 99% used [0x0000000773d80000,0x00000007751f8d08,0x0000000775200000)
  to   space 20992K, 0% used [0x0000000772900000,0x0000000772900000,0x0000000773d80000)
 ParOldGen       total 343040K, used 87048K [0x00000006c0000000, 0x00000006d4f00000, 0x000000076ab00000)
  object space 343040K, 25% used [0x00000006c0000000,0x00000006c5502070,0x00000006d4f00000)
 Metaspace       used 10752K, capacity 11106K, committed 11392K, reserved 1058816K
  class space    used 1160K, capacity 1289K, committed 1408K, reserved 1048576K
Event: 4.124 GC heap after
Heap after GC invocations=3 (full 0):
 PSYoungGen      total 150016K, used 20990K [0x000000076ab00000, 0x000000077d000000, 0x00000007c0000000)
  eden space 129024K, 0% used [0x000000076ab00000,0x000000076ab00000,0x0000000772900000)
  from space 20992K, 99% used [0x0000000772900000,0x0000000773d7f980,0x0000000773d80000)
  to   space 20992K, 0% used [0x000000077bb80000,0x000000077bb80000,0x000000077d000000)
 ParOldGen       total 343040K, used 154524K [0x00000006c0000000, 0x00000006d4f00000, 0x000000076ab00000)
  object space 343040K, 45% used [0x00000006c0000000,0x00000006c96e70a8,0x00000006d4f00000)
 Metaspace       used 10752K, capacity 11106K, committed 11392K, reserved 1058816K
  class space    used 1160K, capacity 1289K, committed 1408K, reserved 1048576K
}
Event: 4.854 GC heap before
{Heap before GC invocations=4 (full 0):
 PSYoungGen      total 150016K, used 150014K [0x000000076ab00000, 0x000000077d000000, 0x00000007c0000000)
  eden space 129024K, 100% used [0x000000076ab00000,0x0000000772900000,0x0000000772900000)
  from space 20992K, 99% used [0x0000000772900000,0x0000000773d7f980,0x0000000773d80000)
  to   space 20992K, 0% used [0x000000077bb80000,0x000000077bb80000,0x000000077d000000)
 ParOldGen       total 343040K, used 154524K [0x00000006c0000000, 0x00000006d4f00000, 0x000000076ab00000)
  object space 343040K, 45% used [0x00000006c0000000,0x00000006c96e70a8,0x00000006d4f00000)
 Metaspace       used 11403K, capacity 11752K, committed 11904K, reserved 1060864K
  class space    used 1230K, capacity 1354K, committed 1408K, reserved 1048576K
Event: 4.941 GC heap after
Heap after GC invocations=4 (full 0):
 PSYoungGen      total 279040K, used 20975K [0x000000076ab00000, 0x000000077d000000, 0x00000007c0000000)
  eden space 258048K, 0% used [0x000000076ab00000,0x000000076ab00000,0x000000077a700000)
  from space 20992K, 99% used [0x000000077bb80000,0x000000077cffbfb0,0x000000077d000000)
  to   space 20992K, 0% used [0x000000077a700000,0x000000077a700000,0x000000077bb80000)
 ParOldGen       total 343040K, used 261981K [0x00000006c0000000, 0x00000006d4f00000, 0x000000076ab00000)
  object space 343040K, 76% used [0x00000006c0000000,0x00000006cffd7560,0x00000006d4f00000)
 Metaspace       used 11403K, capacity 11752K, committed 11904K, reserved 1060864K
  class space    used 1230K, capacity 1354K, committed 1408K, reserved 1048576K
}
Event: 4.941 GC heap before
{Heap before GC invocations=5 (full 1):
 PSYoungGen      total 279040K, used 20975K [0x000000076ab00000, 0x000000077d000000, 0x00000007c0000000)
  eden space 258048K, 0% used [0x000000076ab00000,0x000000076ab00000,0x000000077a700000)
  from space 20992K, 99% used [0x000000077bb80000,0x000000077cffbfb0,0x000000077d000000)
  to   space 20992K, 0% used [0x000000077a700000,0x000000077a700000,0x000000077bb80000)
 ParOldGen       total 343040K, used 261981K [0x00000006c0000000, 0x00000006d4f00000, 0x000000076ab00000)
  object space 343040K, 76% used [0x00000006c0000000,0x00000006cffd7560,0x00000006d4f00000)
 Metaspace       used 11403K, capacity 11752K, committed 11904K, reserved 1060864K
  class space    used 1230K, capacity 1354K, committed 1408K, reserved 1048576K
Event: 5.119 GC heap after
Heap after GC invocations=5 (full 1):
 PSYoungGen      total 279040K, used 0K [0x000000076ab00000, 0x000000077d000000, 0x00000007c0000000)
  eden space 258048K, 0% used [0x000000076ab00000,0x000000076ab00000,0x000000077a700000)
  from space 20992K, 0% used [0x000000077bb80000,0x000000077bb80000,0x000000077d000000)
  to   space 20992K, 0% used [0x000000077a700000,0x000000077a700000,0x000000077bb80000)
 ParOldGen       total 443904K, used 159943K [0x00000006c0000000, 0x00000006db180000, 0x000000076ab00000)
  object space 443904K, 36% used [0x00000006c0000000,0x00000006c9c31d38,0x00000006db180000)
 Metaspace       used 11403K, capacity 11752K, committed 11904K, reserved 1060864K
  class space    used 1230K, capacity 1354K, committed 1408K, reserved 1048576K
}
Event: 6.359 GC heap before
{Heap before GC invocations=6 (full 1):
 PSYoungGen      total 279040K, used 258048K [0x000000076ab00000, 0x000000077d000000, 0x00000007c0000000)
  eden space 258048K, 100% used [0x000000076ab00000,0x000000077a700000,0x000000077a700000)
  from space 20992K, 0% used [0x000000077bb80000,0x000000077bb80000,0x000000077d000000)
  to   space 20992K, 0% used [0x000000077a700000,0x000000077a700000,0x000000077bb80000)
 ParOldGen       total 443904K, used 159943K [0x00000006c0000000, 0x00000006db180000, 0x000000076ab00000)
  object space 443904K, 36% used [0x00000006c0000000,0x00000006c9c31d38,0x00000006db180000)
 Metaspace       used 13436K, capacity 13946K, committed 14208K, reserved 1062912K
  class space    used 1427K, capacity 1575K, committed 1664K, reserved 1048576K

Deoptimization events (10 events):
Event: 5.688 Thread 0x00007f0f1c003000 Uncommon trap: reason=class_check action=maybe_recompile pc=0x00007f0f8cc4b6fc method=java.io.DataInputStream.readFully([BII)V @ 34
Event: 5.688 Thread 0x00007f0f1c003000 Uncommon trap: reason=class_check action=maybe_recompile pc=0x00007f0f8cc4b6fc method=java.io.DataInputStream.readFully([BII)V @ 34
Event: 5.688 Thread 0x00007f0f1c003000 Uncommon trap: reason=class_check action=maybe_recompile pc=0x00007f0f8cc4b6fc method=java.io.DataInputStream.readFully([BII)V @ 34
Event: 5.688 Thread 0x00007f0f1c003000 Uncommon trap: reason=class_check action=maybe_recompile pc=0x00007f0f8cc4b6fc method=java.io.DataInputStream.readFully([BII)V @ 34
Event: 5.689 Thread 0x00007f0f1c003000 Uncommon trap: reason=unstable_if action=reinterpret pc=0x00007f0f8d07dc98 method=java.util.ArrayList.remove(I)Ljava/lang/Object; @ 31
Event: 5.690 Thread 0x00007f0f1c003000 Uncommon trap: reason=unstable_if action=reinterpret pc=0x00007f0f8cc4f5dc method=java.util.HashMap.tableSizeFor(I)I @ 37
Event: 5.692 Thread 0x00007f0f1c003000 Uncommon trap: reason=unstable_if action=reinterpret pc=0x00007f0f8cc44388 method=java.util.HashMap.tableSizeFor(I)I @ 37
Event: 6.131 Thread 0x00007f0f04003000 Uncommon trap: reason=null_check action=make_not_entrant pc=0x00007f0f8d202778 method=edu.stanford.nlp.parser.lexparser.ExhaustivePCFGParser.initializeChart(Ljava/util/List;)V @ 514
Event: 6.255 Thread 0x00007f0efc003000 Uncommon trap: reason=unstable_if action=reinterpret pc=0x00007f0f8d054588 method=edu.stanford.nlp.trees.AbstractTreebankLanguagePack.postBasicCategoryIndex(Ljava/lang/String;)I @ 39
Event: 6.255 Thread 0x00007f0efc003000 Uncommon trap: reason=unstable_if action=reinterpret pc=0x00007f0f8d032a1c method=edu.stanford.nlp.trees.AbstractTreebankLanguagePack.postBasicCategoryIndex(Ljava/lang/String;)I @ 39

Classes redefined (0 events):
No events

Internal exceptions (10 events):
Event: 0.575 Thread 0x00007f0f9c00b000 Exception <a 'java/security/PrivilegedActionException'> (0x000000076b169ec8) thrown at [/build/openjdk-8-lTwZJE/openjdk-8-8u181-b13/src/hotspot/src/share/vm/prims/jvm.cpp, line 1435]
Event: 2.782 Thread 0x00007f0f1c003000 Exception <a 'java/lang/IncompatibleClassChangeError': Found class java.lang.Object, but interface was expected> (0x000000076c1f3d20) thrown at [/build/openjdk-8-lTwZJE/openjdk-8-8u181-b13/src/hotspot/src/share/vm/interpreter/linkResolver.cpp, line 653]
Event: 3.070 Thread 0x00007f0f1c003000 Implicit null exception at 0x00007f0f8cc52676 to 0x00007f0f8cc52a71
Event: 4.002 Thread 0x00007f0f140e8000 Implicit null exception at 0x00007f0f8cc4fa15 to 0x00007f0f8cc4fb59
Event: 4.002 Thread 0x00007f0f140e8000 Implicit null exception at 0x00007f0f8cc404c3 to 0x00007f0f8cc405d5
Event: 4.003 Thread 0x00007f0f140e8000 Exception <a 'java/lang/NoSuchMethodError': java.lang.Object.lambda$comparing$77a9974f$1(Ljava/util/function/Function;Ljava/lang/Object;Ljava/lang/Object;)I> (0x0000000771123160) thrown at [/build/openjdk-8-lTwZJE/openjdk-8-8u181-b13/src/hotspot/src/share
Event: 5.125 Thread 0x00007f0f140e8000 Implicit null exception at 0x00007f0f8cdfc15c to 0x00007f0f8cdfc215
Event: 5.125 Thread 0x00007f0f140e8000 Implicit null exception at 0x00007f0f8cdf9c58 to 0x00007f0f8cdf9ce6
Event: 5.125 Thread 0x00007f0f140e8000 Implicit null exception at 0x00007f0f8cc7cfaf to 0x00007f0f8cc7d019
Event: 5.475 Thread 0x00007f0f140e8000 Implicit null exception at 0x00007f0f8ccca135 to 0x00007f0f8ccca47d

Events (10 events):
Event: 6.346 Executing VM operation: RevokeBias done
Event: 6.346 Executing VM operation: RevokeBias
Event: 6.346 Executing VM operation: RevokeBias done
Event: 6.346 Executing VM operation: RevokeBias
Event: 6.346 Executing VM operation: RevokeBias done
Event: 6.351 Executing VM operation: RevokeBias
Event: 6.351 Executing VM operation: RevokeBias done
Event: 6.357 Thread 0x00007f0f1c00b000 Thread added: 0x00007f0f1c00b000
Event: 6.358 Thread 0x00007f0ef4003000 Thread added: 0x00007f0ef4003000
Event: 6.359 Executing VM operation: ParallelGCFailedAllocation


Dynamic libraries:
00400000-00401000 r-xp 00000000 08:12 6569203                            /usr/lib/jvm/java-8-openjdk-amd64/jre/bin/java
00600000-00601000 r--p 00000000 08:12 6569203                            /usr/lib/jvm/java-8-openjdk-amd64/jre/bin/java
00601000-00602000 rw-p 00001000 08:12 6569203                            /usr/lib/jvm/java-8-openjdk-amd64/jre/bin/java
00972000-00993000 rw-p 00000000 00:00 0                                  [heap]
6c0000000-6db180000 rw-p 00000000 00:00 0 
6db180000-76ab00000 ---p 00000000 00:00 0 
76ab00000-77d000000 rw-p 00000000 00:00 0 
795a80000-7c0000000 ---p 00000000 00:00 0 
7c0000000-7c01a0000 rw-p 00000000 00:00 0 
7c01a0000-800000000 ---p 00000000 00:00 0 
7f0ef4000000-7f0ef4021000 rw-p 00000000 00:00 0 
7f0ef4021000-7f0ef8000000 ---p 00000000 00:00 0 
7f0ef8000000-7f0ef8021000 rw-p 00000000 00:00 0 
7f0ef8021000-7f0efc000000 ---p 00000000 00:00 0 
7f0efc000000-7f0efc021000 rw-p 00000000 00:00 0 
7f0efc021000-7f0f00000000 ---p 00000000 00:00 0 
7f0f00000000-7f0f00021000 rw-p 00000000 00:00 0 
7f0f00021000-7f0f04000000 ---p 00000000 00:00 0 
7f0f04000000-7f0f04021000 rw-p 00000000 00:00 0 
7f0f04021000-7f0f08000000 ---p 00000000 00:00 0 
7f0f08000000-7f0f08021000 rw-p 00000000 00:00 0 
7f0f08021000-7f0f0c000000 ---p 00000000 00:00 0 
7f0f0c000000-7f0f0c021000 rw-p 00000000 00:00 0 
7f0f0c021000-7f0f10000000 ---p 00000000 00:00 0 
7f0f10000000-7f0f10021000 rw-p 00000000 00:00 0 
7f0f10021000-7f0f14000000 ---p 00000000 00:00 0 
7f0f14000000-7f0f142df000 rw-p 00000000 00:00 0 
7f0f142df000-7f0f18000000 ---p 00000000 00:00 0 
7f0f18000000-7f0f18386000 rw-p 00000000 00:00 0 
7f0f18386000-7f0f1c000000 ---p 00000000 00:00 0 
7f0f1c000000-7f0f1c021000 rw-p 00000000 00:00 0 
7f0f1c021000-7f0f20000000 ---p 00000000 00:00 0 
7f0f20000000-7f0f20021000 rw-p 00000000 00:00 0 
7f0f20021000-7f0f24000000 ---p 00000000 00:00 0 
7f0f24000000-7f0f24021000 rw-p 00000000 00:00 0 
7f0f24021000-7f0f28000000 ---p 00000000 00:00 0 
7f0f28000000-7f0f28021000 rw-p 00000000 00:00 0 
7f0f28021000-7f0f2c000000 ---p 00000000 00:00 0 
7f0f2c000000-7f0f2c8c6000 rw-p 00000000 00:00 0 
7f0f2c8c6000-7f0f30000000 ---p 00000000 00:00 0 
7f0f30000000-7f0f30021000 rw-p 00000000 00:00 0 
7f0f30021000-7f0f34000000 ---p 00000000 00:00 0 
7f0f34000000-7f0f34ce1000 rw-p 00000000 00:00 0 
7f0f34ce1000-7f0f38000000 ---p 00000000 00:00 0 
7f0f38000000-7f0f3997e000 rw-p 00000000 00:00 0 
7f0f3997e000-7f0f3c000000 ---p 00000000 00:00 0 
7f0f3c000000-7f0f3c021000 rw-p 00000000 00:00 0 
7f0f3c021000-7f0f40000000 ---p 00000000 00:00 0 
7f0f40000000-7f0f41182000 rw-p 00000000 00:00 0 
7f0f41182000-7f0f44000000 ---p 00000000 00:00 0 
7f0f44000000-7f0f44021000 rw-p 00000000 00:00 0 
7f0f44021000-7f0f48000000 ---p 00000000 00:00 0 
7f0f48000000-7f0f48021000 rw-p 00000000 00:00 0 
7f0f48021000-7f0f4c000000 ---p 00000000 00:00 0 
7f0f4c000000-7f0f4c021000 rw-p 00000000 00:00 0 
7f0f4c021000-7f0f50000000 ---p 00000000 00:00 0 
7f0f50000000-7f0f5005a000 rw-p 00000000 00:00 0 
7f0f5005a000-7f0f54000000 ---p 00000000 00:00 0 
7f0f54000000-7f0f54021000 rw-p 00000000 00:00 0 
7f0f54021000-7f0f58000000 ---p 00000000 00:00 0 
7f0f58fff000-7f0f5c000000 rw-p 00000000 00:00 0 
7f0f5c000000-7f0f5c021000 rw-p 00000000 00:00 0 
7f0f5c021000-7f0f60000000 ---p 00000000 00:00 0 
7f0f60efd000-7f0f60f00000 ---p 00000000 00:00 0 
7f0f60f00000-7f0f60ffe000 rw-p 00000000 00:00 0 
7f0f60ffe000-7f0f61001000 ---p 00000000 00:00 0 
7f0f61001000-7f0f610ff000 rw-p 00000000 00:00 0 
7f0f610ff000-7f0f61102000 ---p 00000000 00:00 0 
7f0f61102000-7f0f61200000 rw-p 00000000 00:00 0 
7f0f61200000-7f0f61203000 ---p 00000000 00:00 0 
7f0f61203000-7f0f61301000 rw-p 00000000 00:00 0 
7f0f61301000-7f0f61304000 ---p 00000000 00:00 0 
7f0f61304000-7f0f61402000 rw-p 00000000 00:00 0 
7f0f61402000-7f0f61405000 ---p 00000000 00:00 0 
7f0f61405000-7f0f61543000 rw-p 00000000 00:00 0 
7f0f61543000-7f0f61703000 ---p 00000000 00:00 0 
7f0f61703000-7f0f61706000 ---p 00000000 00:00 0 
7f0f61706000-7f0f61804000 rw-p 00000000 00:00 0 
7f0f61804000-7f0f61807000 ---p 00000000 00:00 0 
7f0f61807000-7f0f61b05000 rw-p 00000000 00:00 0 
7f0f61b05000-7f0f61b08000 ---p 00000000 00:00 0 
7f0f61b08000-7f0f61e06000 rw-p 00000000 00:00 0 
7f0f61e06000-7f0f61e09000 ---p 00000000 00:00 0 
7f0f61e09000-7f0f61f07000 rw-p 00000000 00:00 0 
7f0f61f07000-7f0f61f0a000 ---p 00000000 00:00 0 
7f0f61f0a000-7f0f62008000 rw-p 00000000 00:00 0 
7f0f62008000-7f0f6200b000 ---p 00000000 00:00 0 
7f0f6200b000-7f0f62109000 rw-p 00000000 00:00 0 
7f0f62109000-7f0f6210c000 ---p 00000000 00:00 0 
7f0f6210c000-7f0f6220a000 rw-p 00000000 00:00 0 
7f0f6220a000-7f0f6221b000 r-xp 00000000 08:12 6437520                    /usr/lib/jvm/java-8-openjdk-amd64/jre/lib/amd64/libnio.so
7f0f6221b000-7f0f6241b000 ---p 00011000 08:12 6437520                    /usr/lib/jvm/java-8-openjdk-amd64/jre/lib/amd64/libnio.so
7f0f6241b000-7f0f6241c000 r--p 00011000 08:12 6437520                    /usr/lib/jvm/java-8-openjdk-amd64/jre/lib/amd64/libnio.so
7f0f6241c000-7f0f6241d000 rw-p 00012000 08:12 6437520                    /usr/lib/jvm/java-8-openjdk-amd64/jre/lib/amd64/libnio.so
7f0f6241d000-7f0f62434000 r-xp 00000000 08:12 6437521                    /usr/lib/jvm/java-8-openjdk-amd64/jre/lib/amd64/libnet.so
7f0f62434000-7f0f62633000 ---p 00017000 08:12 6437521                    /usr/lib/jvm/java-8-openjdk-amd64/jre/lib/amd64/libnet.so
7f0f62633000-7f0f62634000 r--p 00016000 08:12 6437521                    /usr/lib/jvm/java-8-openjdk-amd64/jre/lib/amd64/libnet.so
7f0f62634000-7f0f62635000 rw-p 00017000 08:12 6437521                    /usr/lib/jvm/java-8-openjdk-amd64/jre/lib/amd64/libnet.so
7f0f62635000-7f0f6263c000 r--s 00046000 08:12 18743727                   /home/nlp/Documents/data/stanford-corenlp-full-2018-02-27/xom.jar
7f0f6263c000-7f0f6268e000 r--s 00766000 08:12 18743702                   /home/nlp/Documents/data/stanford-corenlp-full-2018-02-27/stanford-corenlp-3.9.1.jar
7f0f6268e000-7f0f62691000 r--s 00012000 08:12 18743734                   /home/nlp/Documents/data/stanford-corenlp-full-2018-02-27/javax.json.jar
7f0f62691000-7f0f62692000 r--s 00007000 08:12 18743731                   /home/nlp/Documents/data/stanford-corenlp-full-2018-02-27/slf4j-api.jar
7f0f62692000-7f0f62698000 r--s 000b8000 08:12 18743737                   /home/nlp/Documents/data/stanford-corenlp-full-2018-02-27/joda-time-2.9-sources.jar
7f0f62698000-7f0f626a7000 r--s 0013a000 08:12 18743713                   /home/nlp/Documents/data/stanford-corenlp-full-2018-02-27/protobuf.jar
7f0f626a7000-7f0f626a9000 r--s 0000c000 08:12 18743712                   /home/nlp/Documents/data/stanford-corenlp-full-2018-02-27/javax.json-api-1.0-sources.jar
7f0f626a9000-7f0f626ba000 r--s 00089000 08:12 18743726                   /home/nlp/Documents/data/stanford-corenlp-full-2018-02-27/joda-time.jar
7f0f626ba000-7f0f626dc000 r--s 004f4000 08:12 18743705                   /home/nlp/Documents/data/stanford-corenlp-full-2018-02-27/stanford-corenlp-3.9.1-sources.jar
7f0f626dc000-7f0f626dd000 r--s 00002000 08:12 18743724                   /home/nlp/Documents/data/stanford-corenlp-full-2018-02-27/slf4j-simple.jar
7f0f626dd000-7f0f6271d000 r--s 008f6000 08:12 18743729                   /home/nlp/Documents/data/stanford-corenlp-full-2018-02-27/stanford-corenlp-3.9.1-javadoc.jar
7f0f6271d000-7f0f62723000 r--s 159c1000 08:12 18743732                   /home/nlp/Documents/data/stanford-corenlp-full-2018-02-27/stanford-corenlp-3.9.1-models.jar
7f0f62723000-7f0f62728000 r--s 00030000 08:12 18743738                   /home/nlp/Documents/data/stanford-corenlp-full-2018-02-27/jollyday.jar
7f0f62728000-7f0f62732000 r--s 00116000 08:12 6437540                    /usr/lib/jvm/java-8-openjdk-amd64/jre/lib/ext/localedata.jar
7f0f62732000-7f0f62733000 ---p 00000000 00:00 0 
7f0f62733000-7f0f62833000 rw-p 00000000 00:00 0 
7f0f62833000-7f0f62836000 ---p 00000000 00:00 0 
7f0f62836000-7f0f62934000 rw-p 00000000 00:00 0 
7f0f62934000-7f0f62937000 ---p 00000000 00:00 0 
7f0f62937000-7f0f62a35000 rw-p 00000000 00:00 0 
7f0f62a35000-7f0f62a38000 ---p 00000000 00:00 0 
7f0f62a38000-7f0f62b36000 rw-p 00000000 00:00 0 
7f0f62b36000-7f0f62b39000 ---p 00000000 00:00 0 
7f0f62b39000-7f0f62c37000 rw-p 00000000 00:00 0 
7f0f62c37000-7f0f62c3a000 ---p 00000000 00:00 0 
7f0f62c3a000-7f0f62d38000 rw-p 00000000 00:00 0 
7f0f62d38000-7f0f62d3b000 ---p 00000000 00:00 0 
7f0f62d3b000-7f0f62e39000 rw-p 00000000 00:00 0 
7f0f62e39000-7f0f637f8000 r--p 00000000 08:12 4856596                    /usr/lib/locale/locale-archive
7f0f637f8000-7f0f637fb000 ---p 00000000 00:00 0 
7f0f637fb000-7f0f638f9000 rw-p 00000000 00:00 0 
7f0f638f9000-7f0f638fc000 ---p 00000000 00:00 0 
7f0f638fc000-7f0f639fa000 rw-p 00000000 00:00 0 
7f0f639fa000-7f0f639fb000 ---p 00000000 00:00 0 
7f0f639fb000-7f0f64000000 rw-p 00000000 00:00 0 
7f0f64000000-7f0f64021000 rw-p 00000000 00:00 0 
7f0f64021000-7f0f68000000 ---p 00000000 00:00 0 
7f0f68000000-7f0f68021000 rw-p 00000000 00:00 0 
7f0f68021000-7f0f6c000000 ---p 00000000 00:00 0 
7f0f6c000000-7f0f6c021000 rw-p 00000000 00:00 0 
7f0f6c021000-7f0f70000000 ---p 00000000 00:00 0 
7f0f70000000-7f0f70021000 rw-p 00000000 00:00 0 
7f0f70021000-7f0f74000000 ---p 00000000 00:00 0 
7f0f74000000-7f0f74021000 rw-p 00000000 00:00 0 
7f0f74021000-7f0f78000000 ---p 00000000 00:00 0 
7f0f78000000-7f0f78021000 rw-p 00000000 00:00 0 
7f0f78021000-7f0f7c000000 ---p 00000000 00:00 0 
7f0f7c000000-7f0f84000000 rw-p 00000000 00:00 0 
7f0f84000000-7f0f84021000 rw-p 00000000 00:00 0 
7f0f84021000-7f0f88000000 ---p 00000000 00:00 0 
7f0f88000000-7f0f8801b000 r--s 00394000 08:12 6437539                    /usr/lib/jvm/java-8-openjdk-amd64/jre/lib/ext/cldrdata.jar
7f0f8801b000-7f0f88036000 r--s 001d6000 08:12 6437542                    /usr/lib/jvm/java-8-openjdk-amd64/jre/lib/ext/nashorn.jar
7f0f88036000-7f0f89dea000 rw-p 00000000 00:00 0 
7f0f89dea000-7f0f89fb9000 r--s 03c33000 08:12 6437549                    /usr/lib/jvm/java-8-openjdk-amd64/jre/lib/rt.jar
7f0f89fb9000-7f0f8afb9000 rw-p 00000000 00:00 0 
7f0f8afb9000-7f0f8afba000 ---p 00000000 00:00 0 
7f0f8afba000-7f0f8b0ba000 rw-p 00000000 00:00 0 
7f0f8b0ba000-7f0f8b0bb000 ---p 00000000 00:00 0 
7f0f8b0bb000-7f0f8b1bb000 rw-p 00000000 00:00 0 
7f0f8b1bb000-7f0f8b1bc000 ---p 00000000 00:00 0 
7f0f8b1bc000-7f0f8b2bc000 rw-p 00000000 00:00 0 
7f0f8b2bc000-7f0f8b2bd000 ---p 00000000 00:00 0 
7f0f8b2bd000-7f0f8b3bd000 rw-p 00000000 00:00 0 
7f0f8b3bd000-7f0f8b3be000 ---p 00000000 00:00 0 
7f0f8b3be000-7f0f8b4be000 rw-p 00000000 00:00 0 
7f0f8b4be000-7f0f8b4bf000 ---p 00000000 00:00 0 
7f0f8b4bf000-7f0f8b5bf000 rw-p 00000000 00:00 0 
7f0f8b5bf000-7f0f8b5c0000 ---p 00000000 00:00 0 
7f0f8b5c0000-7f0f8b6c0000 rw-p 00000000 00:00 0 
7f0f8b6c0000-7f0f8b6c1000 ---p 00000000 00:00 0 
7f0f8b6c1000-7f0f8b7c1000 rw-p 00000000 00:00 0 
7f0f8b7c1000-7f0f8b7c2000 ---p 00000000 00:00 0 
7f0f8b7c2000-7f0f8b99b000 rw-p 00000000 00:00 0 
7f0f8b99b000-7f0f8be18000 ---p 00000000 00:00 0 
7f0f8be18000-7f0f8bef1000 rw-p 00000000 00:00 0 
7f0f8bef1000-7f0f8c36d000 ---p 00000000 00:00 0 
7f0f8c36d000-7f0f8c400000 rw-p 00000000 00:00 0 
7f0f8c400000-7f0f8c618000 ---p 00000000 00:00 0 
7f0f8c618000-7f0f8c63e000 rw-p 00000000 00:00 0 
7f0f8c63e000-7f0f8c9d9000 ---p 00000000 00:00 0 
7f0f8c9d9000-7f0f8d2f9000 rwxp 00000000 00:00 0 
7f0f8d2f9000-7f0f9b9d9000 ---p 00000000 00:00 0 
7f0f9b9d9000-7f0f9b9e1000 r-xp 00000000 08:12 6437512                    /usr/lib/jvm/java-8-openjdk-amd64/jre/lib/amd64/libzip.so
7f0f9b9e1000-7f0f9bbe0000 ---p 00008000 08:12 6437512                    /usr/lib/jvm/java-8-openjdk-amd64/jre/lib/amd64/libzip.so
7f0f9bbe0000-7f0f9bbe1000 r--p 00007000 08:12 6437512                    /usr/lib/jvm/java-8-openjdk-amd64/jre/lib/amd64/libzip.so
7f0f9bbe1000-7f0f9bbe2000 rw-p 00008000 08:12 6437512                    /usr/lib/jvm/java-8-openjdk-amd64/jre/lib/amd64/libzip.so
7f0f9bbe2000-7f0f9bbed000 r-xp 00000000 08:12 79827597                   /lib/x86_64-linux-gnu/libnss_files-2.23.so
7f0f9bbed000-7f0f9bdec000 ---p 0000b000 08:12 79827597                   /lib/x86_64-linux-gnu/libnss_files-2.23.so
7f0f9bdec000-7f0f9bded000 r--p 0000a000 08:12 79827597                   /lib/x86_64-linux-gnu/libnss_files-2.23.so
7f0f9bded000-7f0f9bdee000 rw-p 0000b000 08:12 79827597                   /lib/x86_64-linux-gnu/libnss_files-2.23.so
7f0f9bdee000-7f0f9bdf4000 rw-p 00000000 00:00 0 
7f0f9bdf4000-7f0f9bdff000 r-xp 00000000 08:12 79827607                   /lib/x86_64-linux-gnu/libnss_nis-2.23.so
7f0f9bdff000-7f0f9bffe000 ---p 0000b000 08:12 79827607                   /lib/x86_64-linux-gnu/libnss_nis-2.23.so
7f0f9bffe000-7f0f9bfff000 r--p 0000a000 08:12 79827607                   /lib/x86_64-linux-gnu/libnss_nis-2.23.so
7f0f9bfff000-7f0f9c000000 rw-p 0000b000 08:12 79827607                   /lib/x86_64-linux-gnu/libnss_nis-2.23.so
7f0f9c000000-7f0f9c303000 rw-p 00000000 00:00 0 
7f0f9c303000-7f0fa0000000 ---p 00000000 00:00 0 
7f0fa0000000-7f0fa0008000 r--s 0009d000 08:12 18743690                   /home/nlp/Documents/data/stanford-corenlp-full-2018-02-27/xom-1.2.10-src.jar
7f0fa0008000-7f0fa009f000 rw-p 00000000 00:00 0 
7f0fa009f000-7f0fa00a0000 ---p 00000000 00:00 0 
7f0fa00a0000-7f0fa01a0000 rw-p 00000000 00:00 0 
7f0fa01a0000-7f0fa01b6000 r-xp 00000000 08:12 79827591                   /lib/x86_64-linux-gnu/libnsl-2.23.so
7f0fa01b6000-7f0fa03b5000 ---p 00016000 08:12 79827591                   /lib/x86_64-linux-gnu/libnsl-2.23.so
7f0fa03b5000-7f0fa03b6000 r--p 00015000 08:12 79827591                   /lib/x86_64-linux-gnu/libnsl-2.23.so
7f0fa03b6000-7f0fa03b7000 rw-p 00016000 08:12 79827591                   /lib/x86_64-linux-gnu/libnsl-2.23.so
7f0fa03b7000-7f0fa03b9000 rw-p 00000000 00:00 0 
7f0fa03b9000-7f0fa03c1000 r-xp 00000000 08:12 79827593                   /lib/x86_64-linux-gnu/libnss_compat-2.23.so
7f0fa03c1000-7f0fa05c0000 ---p 00008000 08:12 79827593                   /lib/x86_64-linux-gnu/libnss_compat-2.23.so
7f0fa05c0000-7f0fa05c1000 r--p 00007000 08:12 79827593                   /lib/x86_64-linux-gnu/libnss_compat-2.23.so
7f0fa05c1000-7f0fa05c2000 rw-p 00008000 08:12 79827593                   /lib/x86_64-linux-gnu/libnss_compat-2.23.so
7f0fa05c2000-7f0fa05ef000 r-xp 00000000 08:12 6437532                    /usr/lib/jvm/java-8-openjdk-amd64/jre/lib/amd64/libjava.so
7f0fa05ef000-7f0fa07ee000 ---p 0002d000 08:12 6437532                    /usr/lib/jvm/java-8-openjdk-amd64/jre/lib/amd64/libjava.so
7f0fa07ee000-7f0fa07ef000 r--p 0002c000 08:12 6437532                    /usr/lib/jvm/java-8-openjdk-amd64/jre/lib/amd64/libjava.so
7f0fa07ef000-7f0fa07f1000 rw-p 0002d000 08:12 6437532                    /usr/lib/jvm/java-8-openjdk-amd64/jre/lib/amd64/libjava.so
7f0fa07f1000-7f0fa0800000 r-xp 00000000 08:12 6437507                    /usr/lib/jvm/java-8-openjdk-amd64/jre/lib/amd64/libverify.so
7f0fa0800000-7f0fa09ff000 ---p 0000f000 08:12 6437507                    /usr/lib/jvm/java-8-openjdk-amd64/jre/lib/amd64/libverify.so
7f0fa09ff000-7f0fa0a01000 r--p 0000e000 08:12 6437507                    /usr/lib/jvm/java-8-openjdk-amd64/jre/lib/amd64/libverify.so
7f0fa0a01000-7f0fa0a02000 rw-p 00010000 08:12 6437507                    /usr/lib/jvm/java-8-openjdk-amd64/jre/lib/amd64/libverify.so
7f0fa0a02000-7f0fa0a09000 r-xp 00000000 08:12 79827652                   /lib/x86_64-linux-gnu/librt-2.23.so
7f0fa0a09000-7f0fa0c08000 ---p 00007000 08:12 79827652                   /lib/x86_64-linux-gnu/librt-2.23.so
7f0fa0c08000-7f0fa0c09000 r--p 00006000 08:12 79827652                   /lib/x86_64-linux-gnu/librt-2.23.so
7f0fa0c09000-7f0fa0c0a000 rw-p 00007000 08:12 79827652                   /lib/x86_64-linux-gnu/librt-2.23.so
7f0fa0c0a000-7f0fa0c20000 r-xp 00000000 08:12 79827536                   /lib/x86_64-linux-gnu/libgcc_s.so.1
7f0fa0c20000-7f0fa0e1f000 ---p 00016000 08:12 79827536                   /lib/x86_64-linux-gnu/libgcc_s.so.1
7f0fa0e1f000-7f0fa0e20000 rw-p 00015000 08:12 79827536                   /lib/x86_64-linux-gnu/libgcc_s.so.1
7f0fa0e20000-7f0fa0f28000 r-xp 00000000 08:12 79827568                   /lib/x86_64-linux-gnu/libm-2.23.so
7f0fa0f28000-7f0fa1127000 ---p 00108000 08:12 79827568                   /lib/x86_64-linux-gnu/libm-2.23.so
7f0fa1127000-7f0fa1128000 r--p 00107000 08:12 79827568                   /lib/x86_64-linux-gnu/libm-2.23.so
7f0fa1128000-7f0fa1129000 rw-p 00108000 08:12 79827568                   /lib/x86_64-linux-gnu/libm-2.23.so
7f0fa1129000-7f0fa129b000 r-xp 00000000 08:12 4858650                    /usr/lib/x86_64-linux-gnu/libstdc++.so.6.0.21
7f0fa129b000-7f0fa149b000 ---p 00172000 08:12 4858650                    /usr/lib/x86_64-linux-gnu/libstdc++.so.6.0.21
7f0fa149b000-7f0fa14a5000 r--p 00172000 08:12 4858650                    /usr/lib/x86_64-linux-gnu/libstdc++.so.6.0.21
7f0fa14a5000-7f0fa14a7000 rw-p 0017c000 08:12 4858650                    /usr/lib/x86_64-linux-gnu/libstdc++.so.6.0.21
7f0fa14a7000-7f0fa14ab000 rw-p 00000000 00:00 0 
7f0fa14ab000-7f0fa2108000 r-xp 00000000 08:12 6569760                    /usr/lib/jvm/java-8-openjdk-amd64/jre/lib/amd64/server/libjvm.so
7f0fa2108000-7f0fa2308000 ---p 00c5d000 08:12 6569760                    /usr/lib/jvm/java-8-openjdk-amd64/jre/lib/amd64/server/libjvm.so
7f0fa2308000-7f0fa239c000 r--p 00c5d000 08:12 6569760                    /usr/lib/jvm/java-8-openjdk-amd64/jre/lib/amd64/server/libjvm.so
7f0fa239c000-7f0fa23c5000 rw-p 00cf1000 08:12 6569760                    /usr/lib/jvm/java-8-openjdk-amd64/jre/lib/amd64/server/libjvm.so
7f0fa23c5000-7f0fa23f5000 rw-p 00000000 00:00 0 
7f0fa23f5000-7f0fa240d000 r-xp 00000000 08:12 79827644                   /lib/x86_64-linux-gnu/libpthread-2.23.so
7f0fa240d000-7f0fa260c000 ---p 00018000 08:12 79827644                   /lib/x86_64-linux-gnu/libpthread-2.23.so
7f0fa260c000-7f0fa260d000 r--p 00017000 08:12 79827644                   /lib/x86_64-linux-gnu/libpthread-2.23.so
7f0fa260d000-7f0fa260e000 rw-p 00018000 08:12 79827644                   /lib/x86_64-linux-gnu/libpthread-2.23.so
7f0fa260e000-7f0fa2612000 rw-p 00000000 00:00 0 
7f0fa2612000-7f0fa2615000 r-xp 00000000 08:12 79827522                   /lib/x86_64-linux-gnu/libdl-2.23.so
7f0fa2615000-7f0fa2814000 ---p 00003000 08:12 79827522                   /lib/x86_64-linux-gnu/libdl-2.23.so
7f0fa2814000-7f0fa2815000 r--p 00002000 08:12 79827522                   /lib/x86_64-linux-gnu/libdl-2.23.so
7f0fa2815000-7f0fa2816000 rw-p 00003000 08:12 79827522                   /lib/x86_64-linux-gnu/libdl-2.23.so
7f0fa2816000-7f0fa282f000 r-xp 00000000 08:12 79827689                   /lib/x86_64-linux-gnu/libz.so.1.2.8
7f0fa282f000-7f0fa2a2e000 ---p 00019000 08:12 79827689                   /lib/x86_64-linux-gnu/libz.so.1.2.8
7f0fa2a2e000-7f0fa2a2f000 r--p 00018000 08:12 79827689                   /lib/x86_64-linux-gnu/libz.so.1.2.8
7f0fa2a2f000-7f0fa2a30000 rw-p 00019000 08:12 79827689                   /lib/x86_64-linux-gnu/libz.so.1.2.8
7f0fa2a30000-7f0fa2bf0000 r-xp 00000000 08:12 79827498                   /lib/x86_64-linux-gnu/libc-2.23.so
7f0fa2bf0000-7f0fa2df0000 ---p 001c0000 08:12 79827498                   /lib/x86_64-linux-gnu/libc-2.23.so
7f0fa2df0000-7f0fa2df4000 r--p 001c0000 08:12 79827498                   /lib/x86_64-linux-gnu/libc-2.23.so
7f0fa2df4000-7f0fa2df6000 rw-p 001c4000 08:12 79827498                   /lib/x86_64-linux-gnu/libc-2.23.so
7f0fa2df6000-7f0fa2dfa000 rw-p 00000000 00:00 0 
7f0fa2dfa000-7f0fa2e07000 r-xp 00000000 08:12 6569759                    /usr/lib/jvm/java-8-openjdk-amd64/jre/lib/amd64/jli/libjli.so
7f0fa2e07000-7f0fa3007000 ---p 0000d000 08:12 6569759                    /usr/lib/jvm/java-8-openjdk-amd64/jre/lib/amd64/jli/libjli.so
7f0fa3007000-7f0fa3008000 r--p 0000d000 08:12 6569759                    /usr/lib/jvm/java-8-openjdk-amd64/jre/lib/amd64/jli/libjli.so
7f0fa3008000-7f0fa3009000 rw-p 0000e000 08:12 6569759                    /usr/lib/jvm/java-8-openjdk-amd64/jre/lib/amd64/jli/libjli.so
7f0fa3009000-7f0fa302f000 r-xp 00000000 08:12 79827470                   /lib/x86_64-linux-gnu/ld-2.23.so
7f0fa302f000-7f0fa3034000 r--s 0002f000 08:12 18743733                   /home/nlp/Documents/data/stanford-corenlp-full-2018-02-27/ejml-0.23.jar
7f0fa3034000-7f0fa3107000 rw-p 00000000 00:00 0 
7f0fa3107000-7f0fa310a000 ---p 00000000 00:00 0 
7f0fa310a000-7f0fa320c000 rw-p 00000000 00:00 0 
7f0fa320c000-7f0fa3211000 r--s 0002c000 08:12 18743693                   /home/nlp/Documents/data/stanford-corenlp-full-2018-02-27/jollyday-0.4.9-sources.jar
7f0fa3211000-7f0fa3212000 r--s 00010000 08:12 6437547                    /usr/lib/jvm/java-8-openjdk-amd64/jre/lib/ext/zipfs.jar
7f0fa3212000-7f0fa3215000 r--s 0000f000 08:12 6437541                    /usr/lib/jvm/java-8-openjdk-amd64/jre/lib/ext/icedtea-sound.jar
7f0fa3215000-7f0fa3217000 r--s 00008000 08:12 6437543                    /usr/lib/jvm/java-8-openjdk-amd64/jre/lib/ext/sunec.jar
7f0fa3217000-7f0fa3219000 r--s 00001000 08:12 6437545                    /usr/lib/jvm/java-8-openjdk-amd64/jre/lib/ext/dnsns.jar
7f0fa3219000-7f0fa321a000 r--s 0000a000 08:12 6437546                    /usr/lib/jvm/java-8-openjdk-amd64/jre/lib/ext/jaccess.jar
7f0fa321a000-7f0fa321d000 r--s 00038000 08:12 6437544                    /usr/lib/jvm/java-8-openjdk-amd64/jre/lib/ext/sunpkcs11.jar
7f0fa321d000-7f0fa3223000 r--s 0003b000 08:12 6437548                    /usr/lib/jvm/java-8-openjdk-amd64/jre/lib/ext/sunjce_provider.jar
7f0fa3223000-7f0fa322b000 rw-s 00000000 08:12 69993081                   /tmp/hsperfdata_nlp/29689
7f0fa322b000-7f0fa322c000 rw-p 00000000 00:00 0 
7f0fa322c000-7f0fa322d000 ---p 00000000 00:00 0 
7f0fa322d000-7f0fa322e000 rw-p 00000000 00:00 0 
7f0fa322e000-7f0fa322f000 r--p 00025000 08:12 79827470                   /lib/x86_64-linux-gnu/ld-2.23.so
7f0fa322f000-7f0fa3230000 rw-p 00026000 08:12 79827470                   /lib/x86_64-linux-gnu/ld-2.23.so
7f0fa3230000-7f0fa3231000 rw-p 00000000 00:00 0 
7ffed97a8000-7ffed97ca000 rw-p 00000000 00:00 0                          [stack]
7ffed97cc000-7ffed97cf000 r--p 00000000 00:00 0                          [vvar]
7ffed97cf000-7ffed97d1000 r-xp 00000000 00:00 0                          [vdso]
ffffffffff600000-ffffffffff601000 r-xp 00000000 00:00 0                  [vsyscall]

VM Arguments:
jvm_args: -Xmx4g 
java_command: edu.stanford.nlp.pipeline.StanfordCoreNLPServer -port 9072
java_class_path (initial): ../data/stanford-corenlp-full-2018-02-27/jollyday-0.4.9-sources.jar:../data/stanford-corenlp-full-2018-02-27/xom-1.2.10-src.jar:../data/stanford-corenlp-full-2018-02-27/ejml-0.23.jar:../data/stanford-corenlp-full-2018-02-27/jollyday.jar:../data/stanford-corenlp-full-2018-02-27/stanford-corenlp-3.9.1-models.jar:../data/stanford-corenlp-full-2018-02-27/stanford-corenlp-3.9.1-javadoc.jar:../data/stanford-corenlp-full-2018-02-27/slf4j-simple.jar:../data/stanford-corenlp-full-2018-02-27/stanford-corenlp-3.9.1-sources.jar:../data/stanford-corenlp-full-2018-02-27/joda-time.jar:../data/stanford-corenlp-full-2018-02-27/javax.json-api-1.0-sources.jar:../data/stanford-corenlp-full-2018-02-27/protobuf.jar:../data/stanford-corenlp-full-2018-02-27/joda-time-2.9-sources.jar:../data/stanford-corenlp-full-2018-02-27/slf4j-api.jar:../data/stanford-corenlp-full-2018-02-27/javax.json.jar:../data/stanford-corenlp-full-2018-02-27/stanford-corenlp-3.9.1.jar:../data/stanford-corenlp-full-2018-02-27/xom.jar
Launcher Type: SUN_STANDARD

Environment Variables:
PATH=/home/nlp/anaconda3/envs/allennlp/bin:/home/nlp/anaconda3/bin:/home/nlp/anaconda2/bin:/home/nlp/anaconda2/bin:/home/nlp/anaconda3/bin:/home/nlp/bin:/home/nlp/.local/bin:/usr/local/sbin:/usr/local/bin:/usr/sbin:/usr/bin:/sbin:/bin:/usr/games:/usr/local/games:/usr/local/cuda/bin:/snap/bin
SHELL=/bin/bash
DISPLAY=:0

Signal Handlers:
SIGSEGV: [libjvm.so+0xa71a70], sa_mask[0]=11111111011111111101111111111110, sa_flags=SA_RESTART|SA_SIGINFO
SIGBUS: [libjvm.so+0xa71a70], sa_mask[0]=11111111011111111101111111111110, sa_flags=SA_RESTART|SA_SIGINFO
SIGFPE: [libjvm.so+0x8b8f80], sa_mask[0]=11111111011111111101111111111110, sa_flags=SA_RESTART|SA_SIGINFO
SIGPIPE: [libjvm.so+0x8b8f80], sa_mask[0]=11111111011111111101111111111110, sa_flags=SA_RESTART|SA_SIGINFO
SIGXFSZ: [libjvm.so+0x8b8f80], sa_mask[0]=11111111011111111101111111111110, sa_flags=SA_RESTART|SA_SIGINFO
SIGILL: [libjvm.so+0x8b8f80], sa_mask[0]=11111111011111111101111111111110, sa_flags=SA_RESTART|SA_SIGINFO
SIGUSR1: SIG_DFL, sa_mask[0]=00000000000000000000000000000000, sa_flags=none
SIGUSR2: [libjvm.so+0x8b8e30], sa_mask[0]=00000000000000000000000000000000, sa_flags=SA_RESTART|SA_SIGINFO
SIGHUP: [libjvm.so+0x8b9300], sa_mask[0]=11111111011111111101111111111110, sa_flags=SA_RESTART|SA_SIGINFO
SIGINT: [libjvm.so+0x8b9300], sa_mask[0]=11111111011111111101111111111110, sa_flags=SA_RESTART|SA_SIGINFO
SIGTERM: [libjvm.so+0x8b9300], sa_mask[0]=11111111011111111101111111111110, sa_flags=SA_RESTART|SA_SIGINFO
SIGQUIT: [libjvm.so+0x8b9300], sa_mask[0]=11111111011111111101111111111110, sa_flags=SA_RESTART|SA_SIGINFO


---------------  S Y S T E M  ---------------

OS:DISTRIB_ID=Ubuntu
DISTRIB_RELEASE=16.04
DISTRIB_CODENAME=xenial
DISTRIB_DESCRIPTION="Ubuntu 16.04.5 LTS"

uname:Linux 4.15.0-36-generic #39~16.04.1-Ubuntu SMP Tue Sep 25 08:59:23 UTC 2018 x86_64
libc:glibc 2.23 NPTL 2.23 
rlimit: STACK 8192k, CORE 0k, NPROC 127807, NOFILE 1048576, AS infinity
load average:1.00 0.45 0.37

/proc/meminfo:
MemTotal:       32857844 kB
MemFree:          242448 kB
MemAvailable:      12820 kB
Buffers:            3392 kB
Cached:            67336 kB
SwapCached:         7932 kB
Active:         30160096 kB
Inactive:        1786436 kB
Active(anon):   30145812 kB
Inactive(anon):  1773188 kB
Active(file):      14284 kB
Inactive(file):    13248 kB
Unevictable:          48 kB
Mlocked:              48 kB
SwapTotal:       1000444 kB
SwapFree:          22452 kB
Dirty:               656 kB
Writeback:           988 kB
AnonPages:      31868524 kB
Mapped:           189784 kB
Shmem:             43172 kB
Slab:             166860 kB
SReclaimable:      50292 kB
SUnreclaim:       116568 kB
KernelStack:       50896 kB
PageTables:       156864 kB
NFS_Unstable:          0 kB
Bounce:                0 kB
WritebackTmp:          0 kB
CommitLimit:    17429364 kB
Committed_AS:   101256404 kB
VmallocTotal:   34359738367 kB
VmallocUsed:           0 kB
VmallocChunk:          0 kB
HardwareCorrupted:     0 kB
AnonHugePages:         0 kB
ShmemHugePages:        0 kB
ShmemPmdMapped:        0 kB
CmaTotal:              0 kB
CmaFree:               0 kB
HugePages_Total:       0
HugePages_Free:        0
HugePages_Rsvd:        0
HugePages_Surp:        0
Hugepagesize:       2048 kB
DirectMap4k:      484456 kB
DirectMap2M:    18309120 kB
DirectMap1G:    14680064 kB


CPU:total 12 (initial active 12) (6 cores per cpu, 2 threads per core) family 6 model 158 stepping 10, cmov, cx8, fxsr, mmx, sse, sse2, sse3, ssse3, sse4.1, sse4.2, popcnt, avx, avx2, aes, clmul, erms, rtm, 3dnowpref, lzcnt, ht, tsc, tscinvbit, bmi1, bmi2, adx

/proc/cpuinfo:
processor	: 0
vendor_id	: GenuineIntel
cpu family	: 6
model		: 158
model name	: Intel(R) Core(TM) i7-8700 CPU @ 3.20GHz
stepping	: 10
microcode	: 0x96
cpu MHz		: 3160.268
cache size	: 12288 KB
physical id	: 0
siblings	: 12
core id		: 0
cpu cores	: 6
apicid		: 0
initial apicid	: 0
fpu		: yes
fpu_exception	: yes
cpuid level	: 22
wp		: yes
flags		: fpu vme de pse tsc msr pae mce cx8 apic sep mtrr pge mca cmov pat pse36 clflush dts acpi mmx fxsr sse sse2 ss ht tm pbe syscall nx pdpe1gb rdtscp lm constant_tsc art arch_perfmon pebs bts rep_good nopl xtopology nonstop_tsc cpuid aperfmperf tsc_known_freq pni pclmulqdq dtes64 monitor ds_cpl vmx smx est tm2 ssse3 sdbg fma cx16 xtpr pdcm pcid sse4_1 sse4_2 x2apic movbe popcnt tsc_deadline_timer aes xsave avx f16c rdrand lahf_lm abm 3dnowprefetch cpuid_fault epb invpcid_single pti ssbd ibrs ibpb stibp tpr_shadow vnmi flexpriority ept vpid fsgsbase tsc_adjust bmi1 hle avx2 smep bmi2 erms invpcid rtm mpx rdseed adx smap clflushopt intel_pt xsaveopt xsavec xgetbv1 xsaves dtherm ida arat pln pts hwp hwp_notify hwp_act_window hwp_epp flush_l1d
bugs		: cpu_meltdown spectre_v1 spectre_v2 spec_store_bypass l1tf
bogomips	: 6384.00
clflush size	: 64
cache_alignment	: 64
address sizes	: 39 bits physical, 48 bits virtual
power management:

processor	: 1
vendor_id	: GenuineIntel
cpu family	: 6
model		: 158
model name	: Intel(R) Core(TM) i7-8700 CPU @ 3.20GHz
stepping	: 10
microcode	: 0x96
cpu MHz		: 3137.298
cache size	: 12288 KB
physical id	: 0
siblings	: 12
core id		: 1
cpu cores	: 6
apicid		: 2
initial apicid	: 2
fpu		: yes
fpu_exception	: yes
cpuid level	: 22
wp		: yes
flags		: fpu vme de pse tsc msr pae mce cx8 apic sep mtrr pge mca cmov pat pse36 clflush dts acpi mmx fxsr sse sse2 ss ht tm pbe syscall nx pdpe1gb rdtscp lm constant_tsc art arch_perfmon pebs bts rep_good nopl xtopology nonstop_tsc cpuid aperfmperf tsc_known_freq pni pclmulqdq dtes64 monitor ds_cpl vmx smx est tm2 ssse3 sdbg fma cx16 xtpr pdcm pcid sse4_1 sse4_2 x2apic movbe popcnt tsc_deadline_timer aes xsave avx f16c rdrand lahf_lm abm 3dnowprefetch cpuid_fault epb invpcid_single pti ssbd ibrs ibpb stibp tpr_shadow vnmi flexpriority ept vpid fsgsbase tsc_adjust bmi1 hle avx2 smep bmi2 erms invpcid rtm mpx rdseed adx smap clflushopt intel_pt xsaveopt xsavec xgetbv1 xsaves dtherm ida arat pln pts hwp hwp_notify hwp_act_window hwp_epp flush_l1d
bugs		: cpu_meltdown spectre_v1 spectre_v2 spec_store_bypass l1tf
bogomips	: 6384.00
clflush size	: 64
cache_alignment	: 64
address sizes	: 39 bits physical, 48 bits virtual
power management:

processor	: 2
vendor_id	: GenuineIntel
cpu family	: 6
model		: 158
model name	: Intel(R) Core(TM) i7-8700 CPU @ 3.20GHz
stepping	: 10
microcode	: 0x96
cpu MHz		: 3157.394
cache size	: 12288 KB
physical id	: 0
siblings	: 12
core id		: 2
cpu cores	: 6
apicid		: 4
initial apicid	: 4
fpu		: yes
fpu_exception	: yes
cpuid level	: 22
wp		: yes
flags		: fpu vme de pse tsc msr pae mce cx8 apic sep mtrr pge mca cmov pat pse36 clflush dts acpi mmx fxsr sse sse2 ss ht tm pbe syscall nx pdpe1gb rdtscp lm constant_tsc art arch_perfmon pebs bts rep_good nopl xtopology nonstop_tsc cpuid aperfmperf tsc_known_freq pni pclmulqdq dtes64 monitor ds_cpl vmx smx est tm2 ssse3 sdbg fma cx16 xtpr pdcm pcid sse4_1 sse4_2 x2apic movbe popcnt tsc_deadline_timer aes xsave avx f16c rdrand lahf_lm abm 3dnowprefetch cpuid_fault epb invpcid_single pti ssbd ibrs ibpb stibp tpr_shadow vnmi flexpriority ept vpid fsgsbase tsc_adjust bmi1 hle avx2 smep bmi2 erms invpcid rtm mpx rdseed adx smap clflushopt intel_pt xsaveopt xsavec xgetbv1 xsaves dtherm ida arat pln pts hwp hwp_notify hwp_act_window hwp_epp flush_l1d
bugs		: cpu_meltdown spectre_v1 spectre_v2 spec_store_bypass l1tf
bogomips	: 6384.00
clflush size	: 64
cache_alignment	: 64
address sizes	: 39 bits physical, 48 bits virtual
power management:

processor	: 3
vendor_id	: GenuineIntel
cpu family	: 6
model		: 158
model name	: Intel(R) Core(TM) i7-8700 CPU @ 3.20GHz
stepping	: 10
microcode	: 0x96
cpu MHz		: 2884.892
cache size	: 12288 KB
physical id	: 0
siblings	: 12
core id		: 3
cpu cores	: 6
apicid		: 6
initial apicid	: 6
fpu		: yes
fpu_exception	: yes
cpuid level	: 22
wp		: yes
flags		: fpu vme de pse tsc msr pae mce cx8 apic sep mtrr pge mca cmov pat pse36 clflush dts acpi mmx fxsr sse sse2 ss ht tm pbe syscall nx pdpe1gb rdtscp lm constant_tsc art arch_perfmon pebs bts rep_good nopl xtopology nonstop_tsc cpuid aperfmperf tsc_known_freq pni pclmulqdq dtes64 monitor ds_cpl vmx smx est tm2 ssse3 sdbg fma cx16 xtpr pdcm pcid sse4_1 sse4_2 x2apic movbe popcnt tsc_deadline_timer aes xsave avx f16c rdrand lahf_lm abm 3dnowprefetch cpuid_fault epb invpcid_single pti ssbd ibrs ibpb stibp tpr_shadow vnmi flexpriority ept vpid fsgsbase tsc_adjust bmi1 hle avx2 smep bmi2 erms invpcid rtm mpx rdseed adx smap clflushopt intel_pt xsaveopt xsavec xgetbv1 xsaves dtherm ida arat pln pts hwp hwp_notify hwp_act_window hwp_epp flush_l1d
bugs		: cpu_meltdown spectre_v1 spectre_v2 spec_store_bypass l1tf
bogomips	: 6384.00
clflush size	: 64
cache_alignment	: 64
address sizes	: 39 bits physical, 48 bits virtual
power management:

processor	: 4
vendor_id	: GenuineIntel
cpu family	: 6
model		: 158
model name	: Intel(R) Core(TM) i7-8700 CPU @ 3.20GHz
stepping	: 10
microcode	: 0x96
cpu MHz		: 2848.972
cache size	: 12288 KB
physical id	: 0
siblings	: 12
core id		: 4
cpu cores	: 6
apicid		: 8
initial apicid	: 8
fpu		: yes
fpu_exception	: yes
cpuid level	: 22
wp		: yes
flags		: fpu vme de pse tsc msr pae mce cx8 apic sep mtrr pge mca cmov pat pse36 clflush dts acpi mmx fxsr sse sse2 ss ht tm pbe syscall nx pdpe1gb rdtscp lm constant_tsc art arch_perfmon pebs bts rep_good nopl xtopology nonstop_tsc cpuid aperfmperf tsc_known_freq pni pclmulqdq dtes64 monitor ds_cpl vmx smx est tm2 ssse3 sdbg fma cx16 xtpr pdcm pcid sse4_1 sse4_2 x2apic movbe popcnt tsc_deadline_timer aes xsave avx f16c rdrand lahf_lm abm 3dnowprefetch cpuid_fault epb invpcid_single pti ssbd ibrs ibpb stibp tpr_shadow vnmi flexpriority ept vpid fsgsbase tsc_adjust bmi1 hle avx2 smep bmi2 erms invpcid rtm mpx rdseed adx smap clflushopt intel_pt xsaveopt xsavec xgetbv1 xsaves dtherm ida arat pln pts hwp hwp_notify hwp_act_window hwp_epp flush_l1d
bugs		: cpu_meltdown spectre_v1 spectre_v2 spec_store_bypass l1tf
bogomips	: 6384.00
clflush size	: 64
cache_alignment	: 64
address sizes	: 39 bits physical, 48 bits virtual
power management:

processor	: 5
vendor_id	: GenuineIntel
cpu family	: 6
model		: 158
model name	: Intel(R) Core(TM) i7-8700 CPU @ 3.20GHz
stepping	: 10
microcode	: 0x96
cpu MHz		: 3144.710
cache size	: 12288 KB
physical id	: 0
siblings	: 12
core id		: 5
cpu cores	: 6
apicid		: 10
initial apicid	: 10
fpu		: yes
fpu_exception	: yes
cpuid level	: 22
wp		: yes
flags		: fpu vme de pse tsc msr pae mce cx8 apic sep mtrr pge mca cmov pat pse36 clflush dts acpi mmx fxsr sse sse2 ss ht tm pbe syscall nx pdpe1gb rdtscp lm constant_tsc art arch_perfmon pebs bts rep_good nopl xtopology nonstop_tsc cpuid aperfmperf tsc_known_freq pni pclmulqdq dtes64 monitor ds_cpl vmx smx est tm2 ssse3 sdbg fma cx16 xtpr pdcm pcid sse4_1 sse4_2 x2apic movbe popcnt tsc_deadline_timer aes xsave avx f16c rdrand lahf_lm abm 3dnowprefetch cpuid_fault epb invpcid_single pti ssbd ibrs ibpb stibp tpr_shadow vnmi flexpriority ept vpid fsgsbase tsc_adjust bmi1 hle avx2 smep bmi2 erms invpcid rtm mpx rdseed adx smap clflushopt intel_pt xsaveopt xsavec xgetbv1 xsaves dtherm ida arat pln pts hwp hwp_notify hwp_act_window hwp_epp flush_l1d
bugs		: cpu_meltdown spectre_v1 spectre_v2 spec_store_bypass l1tf
bogomips	: 6384.00
clflush size	: 64
cache_alignment	: 64
address sizes	: 39 bits physical, 48 bits virtual
power management:

processor	: 6
vendor_id	: GenuineIntel
cpu family	: 6
model		: 158
model name	: Intel(R) Core(TM) i7-8700 CPU @ 3.20GHz
stepping	: 10
microcode	: 0x96
cpu MHz		: 3132.482
cache size	: 12288 KB
physical id	: 0
siblings	: 12
core id		: 0
cpu cores	: 6
apicid		: 1
initial apicid	: 1
fpu		: yes
fpu_exception	: yes
cpuid level	: 22
wp		: yes
flags		: fpu vme de pse tsc msr pae mce cx8 apic sep mtrr pge mca cmov pat pse36 clflush dts acpi mmx fxsr sse sse2 ss ht tm pbe syscall nx pdpe1gb rdtscp lm constant_tsc art arch_perfmon pebs bts rep_good nopl xtopology nonstop_tsc cpuid aperfmperf tsc_known_freq pni pclmulqdq dtes64 monitor ds_cpl vmx smx est tm2 ssse3 sdbg fma cx16 xtpr pdcm pcid sse4_1 sse4_2 x2apic movbe popcnt tsc_deadline_timer aes xsave avx f16c rdrand lahf_lm abm 3dnowprefetch cpuid_fault epb invpcid_single pti ssbd ibrs ibpb stibp tpr_shadow vnmi flexpriority ept vpid fsgsbase tsc_adjust bmi1 hle avx2 smep bmi2 erms invpcid rtm mpx rdseed adx smap clflushopt intel_pt xsaveopt xsavec xgetbv1 xsaves dtherm ida arat pln pts hwp hwp_notify hwp_act_window hwp_epp flush_l1d
bugs		: cpu_meltdown spectre_v1 spectre_v2 spec_store_bypass l1tf
bogomips	: 6384.00
clflush size	: 64
cache_alignment	: 64
address sizes	: 39 bits physical, 48 bits virtual
power management:

processor	: 7
vendor_id	: GenuineIntel
cpu family	: 6
model		: 158
model name	: Intel(R) Core(TM) i7-8700 CPU @ 3.20GHz
stepping	: 10
microcode	: 0x96
cpu MHz		: 3139.908
cache size	: 12288 KB
physical id	: 0
siblings	: 12
core id		: 1
cpu cores	: 6
apicid		: 3
initial apicid	: 3
fpu		: yes
fpu_exception	: yes
cpuid level	: 22
wp		: yes
flags		: fpu vme de pse tsc msr pae mce cx8 apic sep mtrr pge mca cmov pat pse36 clflush dts acpi mmx fxsr sse sse2 ss ht tm pbe syscall nx pdpe1gb rdtscp lm constant_tsc art arch_perfmon pebs bts rep_good nopl xtopology nonstop_tsc cpuid aperfmperf tsc_known_freq pni pclmulqdq dtes64 monitor ds_cpl vmx smx est tm2 ssse3 sdbg fma cx16 xtpr pdcm pcid sse4_1 sse4_2 x2apic movbe popcnt tsc_deadline_timer aes xsave avx f16c rdrand lahf_lm abm 3dnowprefetch cpuid_fault epb invpcid_single pti ssbd ibrs ibpb stibp tpr_shadow vnmi flexpriority ept vpid fsgsbase tsc_adjust bmi1 hle avx2 smep bmi2 erms invpcid rtm mpx rdseed adx smap clflushopt intel_pt xsaveopt xsavec xgetbv1 xsaves dtherm ida arat pln pts hwp hwp_notify hwp_act_window hwp_epp flush_l1d
bugs		: cpu_meltdown spectre_v1 spectre_v2 spec_store_bypass l1tf
bogomips	: 6384.00
clflush size	: 64
cache_alignment	: 64
address sizes	: 39 bits physical, 48 bits virtual
power management:

processor	: 8
vendor_id	: GenuineIntel
cpu family	: 6
model		: 158
model name	: Intel(R) Core(TM) i7-8700 CPU @ 3.20GHz
stepping	: 10
microcode	: 0x96
cpu MHz		: 3148.119
cache size	: 12288 KB
physical id	: 0
siblings	: 12
core id		: 2
cpu cores	: 6
apicid		: 5
initial apicid	: 5
fpu		: yes
fpu_exception	: yes
cpuid level	: 22
wp		: yes
flags		: fpu vme de pse tsc msr pae mce cx8 apic sep mtrr pge mca cmov pat pse36 clflush dts acpi mmx fxsr sse sse2 ss ht tm pbe syscall nx pdpe1gb rdtscp lm constant_tsc art arch_perfmon pebs bts rep_good nopl xtopology nonstop_tsc cpuid aperfmperf tsc_known_freq pni pclmulqdq dtes64 monitor ds_cpl vmx smx est tm2 ssse3 sdbg fma cx16 xtpr pdcm pcid sse4_1 sse4_2 x2apic movbe popcnt tsc_deadline_timer aes xsave avx f16c rdrand lahf_lm abm 3dnowprefetch cpuid_fault epb invpcid_single pti ssbd ibrs ibpb stibp tpr_shadow vnmi flexpriority ept vpid fsgsbase tsc_adjust bmi1 hle avx2 smep bmi2 erms invpcid rtm mpx rdseed adx smap clflushopt intel_pt xsaveopt xsavec xgetbv1 xsaves dtherm ida arat pln pts hwp hwp_notify hwp_act_window hwp_epp flush_l1d
bugs		: cpu_meltdown spectre_v1 spectre_v2 spec_store_bypass l1tf
bogomips	: 6384.00
clflush size	: 64
cache_alignment	: 64
address sizes	: 39 bits physical, 48 bits virtual
power management:

processor	: 9
vendor_id	: GenuineIntel
cpu family	: 6
model		: 158
model name	: Intel(R) Core(TM) i7-8700 CPU @ 3.20GHz
stepping	: 10
microcode	: 0x96
cpu MHz		: 3237.562
cache size	: 12288 KB
physical id	: 0
siblings	: 12
core id		: 3
cpu cores	: 6
apicid		: 7
initial apicid	: 7
fpu		: yes
fpu_exception	: yes
cpuid level	: 22
wp		: yes
flags		: fpu vme de pse tsc msr pae mce cx8 apic sep mtrr pge mca cmov pat pse36 clflush dts acpi mmx fxsr sse sse2 ss ht tm pbe syscall nx pdpe1gb rdtscp lm constant_tsc art arch_perfmon pebs bts rep_good nopl xtopology nonstop_tsc cpuid aperfmperf tsc_known_freq pni pclmulqdq dtes64 monitor ds_cpl vmx smx est tm2 ssse3 sdbg fma cx16 xtpr pdcm pcid sse4_1 sse4_2 x2apic movbe popcnt tsc_deadline_timer aes xsave avx f16c rdrand lahf_lm abm 3dnowprefetch cpuid_fault epb invpcid_single pti ssbd ibrs ibpb stibp tpr_shadow vnmi flexpriority ept vpid fsgsbase tsc_adjust bmi1 hle avx2 smep bmi2 erms invpcid rtm mpx rdseed adx smap clflushopt intel_pt xsaveopt xsavec xgetbv1 xsaves dtherm ida arat pln pts hwp hwp_notify hwp_act_window hwp_epp flush_l1d
bugs		: cpu_meltdown spectre_v1 spectre_v2 spec_store_bypass l1tf
bogomips	: 6384.00
clflush size	: 64
cache_alignment	: 64
address sizes	: 39 bits physical, 48 bits virtual
power management:

processor	: 10
vendor_id	: GenuineIntel
cpu family	: 6
model		: 158
model name	: Intel(R) Core(TM) i7-8700 CPU @ 3.20GHz
stepping	: 10
microcode	: 0x96
cpu MHz		: 2652.473
cache size	: 12288 KB
physical id	: 0
siblings	: 12
core id		: 4
cpu cores	: 6
apicid		: 9
initial apicid	: 9
fpu		: yes
fpu_exception	: yes
cpuid level	: 22
wp		: yes
flags		: fpu vme de pse tsc msr pae mce cx8 apic sep mtrr pge mca cmov pat pse36 clflush dts acpi mmx fxsr sse sse2 ss ht tm pbe syscall nx pdpe1gb rdtscp lm constant_tsc art arch_perfmon pebs bts rep_good nopl xtopology nonstop_tsc cpuid aperfmperf tsc_known_freq pni pclmulqdq dtes64 monitor ds_cpl vmx smx est tm2 ssse3 sdbg fma cx16 xtpr pdcm pcid sse4_1 sse4_2 x2apic movbe popcnt tsc_deadline_timer aes xsave avx f16c rdrand lahf_lm abm 3dnowprefetch cpuid_fault epb invpcid_single pti ssbd ibrs ibpb stibp tpr_shadow vnmi flexpriority ept vpid fsgsbase tsc_adjust bmi1 hle avx2 smep bmi2 erms invpcid rtm mpx rdseed adx smap clflushopt intel_pt xsaveopt xsavec xgetbv1 xsaves dtherm ida arat pln pts hwp hwp_notify hwp_act_window hwp_epp flush_l1d
bugs		: cpu_meltdown spectre_v1 spectre_v2 spec_store_bypass l1tf
bogomips	: 6384.00
clflush size	: 64
cache_alignment	: 64
address sizes	: 39 bits physical, 48 bits virtual
power management:

processor	: 11
vendor_id	: GenuineIntel
cpu family	: 6
model		: 158
model name	: Intel(R) Core(TM) i7-8700 CPU @ 3.20GHz
stepping	: 10
microcode	: 0x96
cpu MHz		: 3140.690
cache size	: 12288 KB
physical id	: 0
siblings	: 12
core id		: 5
cpu cores	: 6
apicid		: 11
initial apicid	: 11
fpu		: yes
fpu_exception	: yes
cpuid level	: 22
wp		: yes
flags		: fpu vme de pse tsc msr pae mce cx8 apic sep mtrr pge mca cmov pat pse36 clflush dts acpi mmx fxsr sse sse2 ss ht tm pbe syscall nx pdpe1gb rdtscp lm constant_tsc art arch_perfmon pebs bts rep_good nopl xtopology nonstop_tsc cpuid aperfmperf tsc_known_freq pni pclmulqdq dtes64 monitor ds_cpl vmx smx est tm2 ssse3 sdbg fma cx16 xtpr pdcm pcid sse4_1 sse4_2 x2apic movbe popcnt tsc_deadline_timer aes xsave avx f16c rdrand lahf_lm abm 3dnowprefetch cpuid_fault epb invpcid_single pti ssbd ibrs ibpb stibp tpr_shadow vnmi flexpriority ept vpid fsgsbase tsc_adjust bmi1 hle avx2 smep bmi2 erms invpcid rtm mpx rdseed adx smap clflushopt intel_pt xsaveopt xsavec xgetbv1 xsaves dtherm ida arat pln pts hwp hwp_notify hwp_act_window hwp_epp flush_l1d
bugs		: cpu_meltdown spectre_v1 spectre_v2 spec_store_bypass l1tf
bogomips	: 6384.00
clflush size	: 64
cache_alignment	: 64
address sizes	: 39 bits physical, 48 bits virtual
power management:



Memory: 4k page, physical 32857844k(242448k free), swap 1000444k(21844k free)

vm_info: OpenJDK 64-Bit Server VM (25.181-b13) for linux-amd64 JRE (1.8.0_181-8u181-b13-1ubuntu0.16.04.1-b13), built on Oct 23 2018 04:39:49 by "buildd" with gcc 5.4.0 20160609

time: Sat Nov 10 11:11:42 2018
elapsed time: 6 seconds (0d 0h 0m 6s)

