#
# There is insufficient memory for the Java Runtime Environment to continue.
# Native memory allocation (mmap) failed to map 71303168 bytes for committing reserved memory.
# Possible reasons:
#   The system is out of physical RAM or swap space
#   In 32 bit mode, the process size limit was hit
# Possible solutions:
#   Reduce memory load on the system
#   Increase physical memory or swap space
#   Check if swap backing store is full
#   Use 64 bit Java on a 64 bit OS
#   Decrease Java heap size (-Xmx/-Xms)
#   Decrease number of Java threads
#   Decrease Java thread stack sizes (-Xss)
#   Set larger code cache with -XX:ReservedCodeCacheSize=
# This output file may be truncated or incomplete.
#
#  Out of Memory Error (os_linux.cpp:2643), pid=12012, tid=0x00007f7ed68e8700
#
# JRE version: OpenJDK Runtime Environment (8.0_181-b13) (build 1.8.0_181-8u181-b13-1ubuntu0.16.04.1-b13)
# Java VM: OpenJDK 64-Bit Server VM (25.181-b13 mixed mode linux-amd64 compressed oops)
# Failed to write core dump. Core dumps have been disabled. To enable core dumping, try "ulimit -c unlimited" before starting Java again
#

---------------  T H R E A D  ---------------

Current thread (0x00007f7ef4084800):  VMThread [stack: 0x00007f7ed67e8000,0x00007f7ed68e9000] [id=12024]

Stack: [0x00007f7ed67e8000,0x00007f7ed68e9000],  sp=0x00007f7ed68e74c0,  free space=1021k
Native frames: (J=compiled Java code, j=interpreted, Vv=VM code, C=native code)
V  [libjvm.so+0xa70f1b]
V  [libjvm.so+0x4c893c]
V  [libjvm.so+0x8bda48]
V  [libjvm.so+0x8b7dde]
V  [libjvm.so+0x933246]
V  [libjvm.so+0x934573]
V  [libjvm.so+0x930c3b]
V  [libjvm.so+0x930eec]
V  [libjvm.so+0x8e2803]
V  [libjvm.so+0xa72bc2]
V  [libjvm.so+0xa77d67]
V  [libjvm.so+0xa75467]
V  [libjvm.so+0xa768ef]
V  [libjvm.so+0xa76de1]
V  [libjvm.so+0x8bae52]

VM_Operation (0x00007f7ec41ef8c0): ParallelGCFailedAllocation, mode: safepoint, requested by thread 0x00007f7e24003000


---------------  P R O C E S S  ---------------

Java Threads: ( => current thread )
  0x00007f7e70005800 JavaThread "pool-2-thread-12" [_thread_blocked, id=12119, stack(0x00007f7ebfeff000,0x00007f7ec0000000)]
  0x00007f7e24003000 JavaThread "pool-2-thread-11" [_thread_blocked, id=12118, stack(0x00007f7ec40f2000,0x00007f7ec41f3000)]
  0x00007f7e7c015800 JavaThread "pool-1-thread-12" [_thread_blocked, id=12117, stack(0x00007f7ec41f3000,0x00007f7ec42f4000)]
  0x00007f7e2c003000 JavaThread "pool-2-thread-10" [_thread_blocked, id=12116, stack(0x00007f7ec42f4000,0x00007f7ec43f5000)]
  0x00007f7e7c013800 JavaThread "pool-1-thread-11" [_thread_blocked, id=12115, stack(0x00007f7ec43f5000,0x00007f7ec44f6000)]
  0x00007f7e34003000 JavaThread "pool-2-thread-9" [_thread_blocked, id=12114, stack(0x00007f7ec44f6000,0x00007f7ec45f7000)]
  0x00007f7e7c012000 JavaThread "pool-1-thread-10" [_thread_blocked, id=12113, stack(0x00007f7ec45f7000,0x00007f7ec46f8000)]
  0x00007f7e3c003000 JavaThread "pool-2-thread-8" [_thread_blocked, id=12112, stack(0x00007f7ec46f8000,0x00007f7ec47f9000)]
  0x00007f7e7c010800 JavaThread "pool-1-thread-9" [_thread_blocked, id=12111, stack(0x00007f7ec47f9000,0x00007f7ec48fa000)]
  0x00007f7e44003000 JavaThread "pool-2-thread-7" [_thread_blocked, id=12110, stack(0x00007f7ec48fa000,0x00007f7ec49fb000)]
  0x00007f7e7c00e800 JavaThread "pool-1-thread-8" [_thread_blocked, id=12109, stack(0x00007f7ec49fb000,0x00007f7ec4afc000)]
  0x00007f7e4c003000 JavaThread "pool-2-thread-6" [_thread_blocked, id=12108, stack(0x00007f7ec4afc000,0x00007f7ec4bfd000)]
  0x00007f7e7c00d000 JavaThread "pool-1-thread-7" [_thread_blocked, id=12107, stack(0x00007f7ec4bfd000,0x00007f7ec4cfe000)]
  0x00007f7e54003000 JavaThread "pool-2-thread-5" [_thread_blocked, id=12106, stack(0x00007f7ec4cfe000,0x00007f7ec4dff000)]
  0x00007f7e7c00b000 JavaThread "pool-1-thread-6" [_thread_blocked, id=12105, stack(0x00007f7ed401f000,0x00007f7ed4120000)]
  0x00007f7e5c003000 JavaThread "pool-2-thread-4" [_thread_blocked, id=12104, stack(0x00007f7ed4120000,0x00007f7ed4221000)]
  0x00007f7e7c009800 JavaThread "pool-1-thread-5" [_thread_blocked, id=12103, stack(0x00007f7ed4221000,0x00007f7ed4322000)]
  0x00007f7e64003000 JavaThread "pool-2-thread-3" [_thread_blocked, id=12102, stack(0x00007f7ed4322000,0x00007f7ed4423000)]
  0x00007f7e7c007800 JavaThread "pool-1-thread-4" [_thread_blocked, id=12101, stack(0x00007f7ed4423000,0x00007f7ed4524000)]
  0x00007f7e6c004800 JavaThread "pool-2-thread-2" [_thread_blocked, id=12100, stack(0x00007f7ed4524000,0x00007f7ed4625000)]
  0x00007f7e7c006000 JavaThread "pool-1-thread-3" [_thread_blocked, id=12099, stack(0x00007f7ed4625000,0x00007f7ed4726000)]
  0x00007f7e74219000 JavaThread "pool-2-thread-1" [_thread_blocked, id=12098, stack(0x00007f7ed4926000,0x00007f7ed4a27000)]
  0x00007f7e7c003000 JavaThread "pool-1-thread-2" [_thread_blocked, id=12097, stack(0x00007f7ed4c27000,0x00007f7ed4d28000)]
  0x00007f7e7c001800 JavaThread "pool-1-thread-1" [_thread_blocked, id=12038, stack(0x00007f7ed4d28000,0x00007f7ed4e29000)]
  0x00007f7ef400b000 JavaThread "DestroyJavaVM" [_thread_blocked, id=12013, stack(0x00007f7efdf2c000,0x00007f7efe02d000)]
  0x00007f7ef438e000 JavaThread "Thread-3" [_thread_blocked, id=12035, stack(0x00007f7ed4e29000,0x00007f7ed4f2a000)]
  0x00007f7ef4386800 JavaThread "server-timer" daemon [_thread_blocked, id=12034, stack(0x00007f7ed4f2a000,0x00007f7ed502b000)]
  0x00007f7ef40d6800 JavaThread "Service Thread" daemon [_thread_blocked, id=12032, stack(0x00007f7ed5621000,0x00007f7ed5722000)]
  0x00007f7ef40cb800 JavaThread "C1 CompilerThread3" daemon [_thread_blocked, id=12031, stack(0x00007f7ed5722000,0x00007f7ed5823000)]
  0x00007f7ef40c9800 JavaThread "C2 CompilerThread2" daemon [_thread_blocked, id=12030, stack(0x00007f7ed5823000,0x00007f7ed5924000)]
  0x00007f7ef40c7800 JavaThread "C2 CompilerThread1" daemon [_thread_blocked, id=12029, stack(0x00007f7ed5924000,0x00007f7ed5a25000)]
  0x00007f7ef40c4800 JavaThread "C2 CompilerThread0" daemon [_thread_blocked, id=12028, stack(0x00007f7ed5a25000,0x00007f7ed5b26000)]
  0x00007f7ef40c3000 JavaThread "Signal Dispatcher" daemon [_thread_blocked, id=12027, stack(0x00007f7ed5b26000,0x00007f7ed5c27000)]
  0x00007f7ef4091000 JavaThread "Finalizer" daemon [_thread_blocked, id=12026, stack(0x00007f7ed65e6000,0x00007f7ed66e7000)]
  0x00007f7ef408e800 JavaThread "Reference Handler" daemon [_thread_blocked, id=12025, stack(0x00007f7ed66e7000,0x00007f7ed67e8000)]

Other Threads:
=>0x00007f7ef4084800 VMThread [stack: 0x00007f7ed67e8000,0x00007f7ed68e9000] [id=12024]
  0x00007f7ef40d9800 WatcherThread [stack: 0x00007f7ed5520000,0x00007f7ed5621000] [id=12033]

VM state:at safepoint (normal execution)

VM Mutex/Monitor currently owned by a thread:  ([mutex/lock_event])
[0x00007f7ef4007420] Threads_lock - owner thread: 0x00007f7ef4084800
[0x00007f7ef4007920] Heap_lock - owner thread: 0x00007f7e24003000

Heap:
 PSYoungGen      total 488448K, used 736K [0x000000076ab00000, 0x000000078e880000, 0x00000007c0000000)
  eden space 389632K, 0% used [0x000000076ab00000,0x000000076ab00000,0x0000000782780000)
  from space 98816K, 0% used [0x0000000782780000,0x0000000782838000,0x0000000788800000)
  to   space 90112K, 0% used [0x0000000789080000,0x0000000789080000,0x000000078e880000)
 ParOldGen       total 1058304K, used 491172K [0x00000006c0000000, 0x0000000700980000, 0x000000076ab00000)
  object space 1058304K, 46% used [0x00000006c0000000,0x00000006ddfa9310,0x0000000700980000)
 Metaspace       used 14524K, capacity 14884K, committed 15488K, reserved 1062912K
  class space    used 1399K, capacity 1504K, committed 1664K, reserved 1048576K

Card table byte_map: [0x00007f7ef9ddd000,0x00007f7efa5de000] byte_map_base: 0x00007f7ef67dd000

Marking Bits: (ParMarkBitMap*) 0x00007f7efd1fd3a0
 Begin Bits: [0x00007f7ea8000000, 0x00007f7eac000000)
 End Bits:   [0x00007f7eac000000, 0x00007f7eb0000000)

Polling page: 0x00007f7efe051000

CodeCache: size=245760Kb used=15482Kb max_used=17285Kb free=230277Kb
 bounds [0x00007f7ee5000000, 0x00007f7ee6130000, 0x00007f7ef4000000]
 total_blobs=3801 nmethods=3426 adapters=288
 compilation: enabled

Compilation events (10 events):
Event: 15088.822 Thread 0x00007f7ef40c4800 5096       4       edu.stanford.nlp.trees.tregex.CoordinationPattern$CoordinationMatcher::resetChildIter (51 bytes)
Event: 15088.823 Thread 0x00007f7ef40c4800 nmethod 5096 0x00007f7ee5856810 code [0x00007f7ee5856980, 0x00007f7ee5856c98]
Event: 16171.361 Thread 0x00007f7ef40c9800 5097       4       edu.stanford.nlp.semgraph.semgrex.GraphRelation$SIBLING_RELATION::searchNodeIterator (11 bytes)
Event: 16171.361 Thread 0x00007f7ef40c9800 nmethod 5097 0x00007f7ee53ab110 code [0x00007f7ee53ab260, 0x00007f7ee53ab388]
Event: 16549.640 Thread 0x00007f7ef40c4800 5098       4       java.util.IdentityHashMap$KeySet::<init> (6 bytes)
Event: 16549.641 Thread 0x00007f7ef40c4800 nmethod 5098 0x00007f7ee57a3710 code [0x00007f7ee57a3860, 0x00007f7ee57a38d8]
Event: 16617.670 Thread 0x00007f7ef40c7800 5099       4       edu.stanford.nlp.semgraph.semgrex.CoordinationPattern$CoordinationMatcher::resetChildIter (41 bytes)
Event: 16617.674 Thread 0x00007f7ef40c7800 nmethod 5099 0x00007f7ee51d3610 code [0x00007f7ee51d3800, 0x00007f7ee51d3df0]
Event: 17731.580 Thread 0x00007f7ef40c4800 5100       4       edu.stanford.nlp.semgraph.SemanticGraph::hasChildWithReln (66 bytes)
Event: 17731.584 Thread 0x00007f7ef40c4800 nmethod 5100 0x00007f7ee5d36350 code [0x00007f7ee5d36540, 0x00007f7ee5d36c20]

GC Heap History (10 events):
Event: 19503.363 GC heap after
Heap after GC invocations=20787 (full 53):
 PSYoungGen      total 390656K, used 14150K [0x000000076ab00000, 0x000000078a580000, 0x00000007c0000000)
  eden space 275968K, 0% used [0x000000076ab00000,0x000000076ab00000,0x000000077b880000)
  from space 114688K, 12% used [0x0000000783580000,0x0000000784351a30,0x000000078a580000)
  to   space 121344K, 0% used [0x000000077b880000,0x000000077b880000,0x0000000782f00000)
 ParOldGen       total 1058304K, used 491028K [0x00000006c0000000, 0x0000000700980000, 0x000000076ab00000)
  object space 1058304K, 46% used [0x00000006c0000000,0x00000006ddf85310,0x0000000700980000)
 Metaspace       used 14524K, capacity 14884K, committed 15488K, reserved 1062912K
  class space    used 1399K, capacity 1504K, committed 1664K, reserved 1048576K
}
Event: 19503.945 GC heap before
{Heap before GC invocations=20788 (full 53):
 PSYoungGen      total 390656K, used 290104K [0x000000076ab00000, 0x000000078a580000, 0x00000007c0000000)
  eden space 275968K, 99% used [0x000000076ab00000,0x000000077b87c600,0x000000077b880000)
  from space 114688K, 12% used [0x0000000783580000,0x0000000784351a30,0x000000078a580000)
  to   space 121344K, 0% used [0x000000077b880000,0x000000077b880000,0x0000000782f00000)
 ParOldGen       total 1058304K, used 491028K [0x00000006c0000000, 0x0000000700980000, 0x000000076ab00000)
  object space 1058304K, 46% used [0x00000006c0000000,0x00000006ddf85310,0x0000000700980000)
 Metaspace       used 14524K, capacity 14884K, committed 15488K, reserved 1062912K
  class space    used 1399K, capacity 1504K, committed 1664K, reserved 1048576K
Event: 19503.948 GC heap after
Heap after GC invocations=20788 (full 53):
 PSYoungGen      total 397312K, used 2879K [0x000000076ab00000, 0x000000078cf00000, 0x00000007c0000000)
  eden space 275968K, 0% used [0x000000076ab00000,0x000000076ab00000,0x000000077b880000)
  from space 121344K, 2% used [0x000000077b880000,0x000000077bb4fdb8,0x0000000782f00000)
  to   space 116736K, 0% used [0x0000000785d00000,0x0000000785d00000,0x000000078cf00000)
 ParOldGen       total 1058304K, used 491068K [0x00000006c0000000, 0x0000000700980000, 0x000000076ab00000)
  object space 1058304K, 46% used [0x00000006c0000000,0x00000006ddf8f310,0x0000000700980000)
 Metaspace       used 14524K, capacity 14884K, committed 15488K, reserved 1062912K
  class space    used 1399K, capacity 1504K, committed 1664K, reserved 1048576K
}
Event: 19504.377 GC heap before
{Heap before GC invocations=20789 (full 53):
 PSYoungGen      total 397312K, used 278847K [0x000000076ab00000, 0x000000078cf00000, 0x00000007c0000000)
  eden space 275968K, 100% used [0x000000076ab00000,0x000000077b880000,0x000000077b880000)
  from space 121344K, 2% used [0x000000077b880000,0x000000077bb4fdb8,0x0000000782f00000)
  to   space 116736K, 0% used [0x0000000785d00000,0x0000000785d00000,0x000000078cf00000)
 ParOldGen       total 1058304K, used 491068K [0x00000006c0000000, 0x0000000700980000, 0x000000076ab00000)
  object space 1058304K, 46% used [0x00000006c0000000,0x00000006ddf8f310,0x0000000700980000)
 Metaspace       used 14524K, capacity 14884K, committed 15488K, reserved 1062912K
  class space    used 1399K, capacity 1504K, committed 1664K, reserved 1048576K
Event: 19504.384 GC heap after
Heap after GC invocations=20789 (full 53):
 PSYoungGen      total 435200K, used 3367K [0x000000076ab00000, 0x000000078c580000, 0x00000007c0000000)
  eden space 328192K, 0% used [0x000000076ab00000,0x000000076ab00000,0x000000077eb80000)
  from space 107008K, 3% used [0x0000000785d00000,0x0000000786049f50,0x000000078c580000)
  to   space 111616K, 0% used [0x000000077eb80000,0x000000077eb80000,0x0000000785880000)
 ParOldGen       total 1058304K, used 491084K [0x00000006c0000000, 0x0000000700980000, 0x000000076ab00000)
  object space 1058304K, 46% used [0x00000006c0000000,0x00000006ddf93310,0x0000000700980000)
 Metaspace       used 14524K, capacity 14884K, committed 15488K, reserved 1062912K
  class space    used 1399K, capacity 1504K, committed 1664K, reserved 1048576K
}
Event: 19509.083 GC heap before
{Heap before GC invocations=20790 (full 53):
 PSYoungGen      total 435200K, used 331559K [0x000000076ab00000, 0x000000078c580000, 0x00000007c0000000)
  eden space 328192K, 100% used [0x000000076ab00000,0x000000077eb80000,0x000000077eb80000)
  from space 107008K, 3% used [0x0000000785d00000,0x0000000786049f50,0x000000078c580000)
  to   space 111616K, 0% used [0x000000077eb80000,0x000000077eb80000,0x0000000785880000)
 ParOldGen       total 1058304K, used 491084K [0x00000006c0000000, 0x0000000700980000, 0x000000076ab00000)
  object space 1058304K, 46% used [0x00000006c0000000,0x00000006ddf93310,0x0000000700980000)
 Metaspace       used 14524K, capacity 14884K, committed 15488K, reserved 1062912K
  class space    used 1399K, capacity 1504K, committed 1664K, reserved 1048576K
Event: 19509.208 GC heap after
Heap after GC invocations=20790 (full 53):
 PSYoungGen      total 439808K, used 608K [0x000000076ab00000, 0x000000078f900000, 0x00000007c0000000)
  eden space 328192K, 0% used [0x000000076ab00000,0x000000076ab00000,0x000000077eb80000)
  from space 111616K, 0% used [0x000000077eb80000,0x000000077ec18000,0x0000000785880000)
  to   space 107008K, 0% used [0x0000000789080000,0x0000000789080000,0x000000078f900000)
 ParOldGen       total 1058304K, used 491108K [0x00000006c0000000, 0x0000000700980000, 0x000000076ab00000)
  object space 1058304K, 46% used [0x00000006c0000000,0x00000006ddf99310,0x0000000700980000)
 Metaspace       used 14524K, capacity 14884K, committed 15488K, reserved 1062912K
  class space    used 1399K, capacity 1504K, committed 1664K, reserved 1048576K
}
Event: 19509.940 GC heap before
{Heap before GC invocations=20791 (full 53):
 PSYoungGen      total 439808K, used 328800K [0x000000076ab00000, 0x000000078f900000, 0x00000007c0000000)
  eden space 328192K, 100% used [0x000000076ab00000,0x000000077eb80000,0x000000077eb80000)
  from space 111616K, 0% used [0x000000077eb80000,0x000000077ec18000,0x0000000785880000)
  to   space 107008K, 0% used [0x0000000789080000,0x0000000789080000,0x000000078f900000)
 ParOldGen       total 1058304K, used 491108K [0x00000006c0000000, 0x0000000700980000, 0x000000076ab00000)
  object space 1058304K, 46% used [0x00000006c0000000,0x00000006ddf99310,0x0000000700980000)
 Metaspace       used 14524K, capacity 14884K, committed 15488K, reserved 1062912K
  class space    used 1399K, capacity 1504K, committed 1664K, reserved 1048576K
Event: 19510.066 GC heap after
Heap after GC invocations=20791 (full 53):
 PSYoungGen      total 479744K, used 17985K [0x000000076ab00000, 0x000000078e880000, 0x00000007c0000000)
  eden space 389632K, 0% used [0x000000076ab00000,0x000000076ab00000,0x0000000782780000)
  from space 90112K, 19% used [0x0000000789080000,0x000000078a210778,0x000000078e880000)
  to   space 98816K, 0% used [0x0000000782780000,0x0000000782780000,0x0000000788800000)
 ParOldGen       total 1058304K, used 491164K [0x00000006c0000000, 0x0000000700980000, 0x000000076ab00000)
  object space 1058304K, 46% used [0x00000006c0000000,0x00000006ddfa7310,0x0000000700980000)
 Metaspace       used 14524K, capacity 14884K, committed 15488K, reserved 1062912K
  class space    used 1399K, capacity 1504K, committed 1664K, reserved 1048576K
}
Event: 19513.166 GC heap before
{Heap before GC invocations=20792 (full 53):
 PSYoungGen      total 479744K, used 407617K [0x000000076ab00000, 0x000000078e880000, 0x00000007c0000000)
  eden space 389632K, 100% used [0x000000076ab00000,0x0000000782780000,0x0000000782780000)
  from space 90112K, 19% used [0x0000000789080000,0x000000078a210778,0x000000078e880000)
  to   space 98816K, 0% used [0x0000000782780000,0x0000000782780000,0x0000000788800000)
 ParOldGen       total 1058304K, used 491164K [0x00000006c0000000, 0x0000000700980000, 0x000000076ab00000)
  object space 1058304K, 46% used [0x00000006c0000000,0x00000006ddfa7310,0x0000000700980000)
 Metaspace       used 14524K, capacity 14884K, committed 15488K, reserved 1062912K
  class space    used 1399K, capacity 1504K, committed 1664K, reserved 1048576K

Deoptimization events (10 events):
Event: 4265.189 Thread 0x00007f7e7c015800 Uncommon trap: reason=class_check action=maybe_recompile pc=0x00007f7ee55651ac method=java.util.concurrent.ThreadPoolExecutor.runWorker(Ljava/util/concurrent/ThreadPoolExecutor$Worker;)V @ 95
Event: 4305.063 Thread 0x00007f7e7c00e800 Uncommon trap: reason=class_check action=maybe_recompile pc=0x00007f7ee55651ac method=java.util.concurrent.ThreadPoolExecutor.runWorker(Ljava/util/concurrent/ThreadPoolExecutor$Worker;)V @ 95
Event: 4343.051 Thread 0x00007f7e7c007800 Uncommon trap: reason=class_check action=maybe_recompile pc=0x00007f7ee55651ac method=java.util.concurrent.ThreadPoolExecutor.runWorker(Ljava/util/concurrent/ThreadPoolExecutor$Worker;)V @ 95
Event: 4386.603 Thread 0x00007f7e7c015800 Uncommon trap: reason=class_check action=maybe_recompile pc=0x00007f7ee55651ac method=java.util.concurrent.ThreadPoolExecutor.runWorker(Ljava/util/concurrent/ThreadPoolExecutor$Worker;)V @ 95
Event: 9438.529 Thread 0x00007f7e70005800 Uncommon trap: reason=predicate action=maybe_recompile pc=0x00007f7ee5767694 method=java.util.LinkedList.toArray([Ljava/lang/Object;)[Ljava/lang/Object; @ 45
Event: 9685.134 Thread 0x00007f7e24003000 Uncommon trap: reason=array_check action=maybe_recompile pc=0x00007f7ee5a711d4 method=java.util.LinkedList.toArray([Ljava/lang/Object;)[Ljava/lang/Object; @ 55
Event: 9685.384 Thread 0x00007f7e70005800 Uncommon trap: reason=array_check action=maybe_recompile pc=0x00007f7ee5a711d4 method=java.util.LinkedList.toArray([Ljava/lang/Object;)[Ljava/lang/Object; @ 55
Event: 9685.628 Thread 0x00007f7e74219000 Uncommon trap: reason=array_check action=maybe_recompile pc=0x00007f7ee5a711d4 method=java.util.LinkedList.toArray([Ljava/lang/Object;)[Ljava/lang/Object; @ 55
Event: 9685.875 Thread 0x00007f7e6c004800 Uncommon trap: reason=array_check action=maybe_recompile pc=0x00007f7ee5a711d4 method=java.util.LinkedList.toArray([Ljava/lang/Object;)[Ljava/lang/Object; @ 55
Event: 11787.063 Thread 0x00007f7ef438e000 Uncommon trap: reason=class_check action=maybe_recompile pc=0x00007f7ee5d7190c method=sun.nio.ch.EPollSelectorImpl.updateSelectedKeys()I @ 84

Classes redefined (0 events):
No events

Internal exceptions (10 events):
Event: 7.167 Thread 0x00007f7e74219000 Implicit null exception at 0x00007f7ee543859c to 0x00007f7ee5438655
Event: 7.167 Thread 0x00007f7e74219000 Implicit null exception at 0x00007f7ee5422c18 to 0x00007f7ee5422ca6
Event: 7.167 Thread 0x00007f7e74219000 Implicit null exception at 0x00007f7ee52a3aef to 0x00007f7ee52a3b59
Event: 7.242 Thread 0x00007f7e74219000 Implicit null exception at 0x00007f7ee52e64f5 to 0x00007f7ee52e683d
Event: 7.508 Thread 0x00007f7e64003000 Implicit null exception at 0x00007f7ee56a834f to 0x00007f7ee56ad211
Event: 8.391 Thread 0x00007f7e24003000 Implicit null exception at 0x00007f7ee58bb80c to 0x00007f7ee58bd9fd
Event: 14.492 Thread 0x00007f7e6c004800 Implicit null exception at 0x00007f7ee59fb550 to 0x00007f7ee59fbf59
Event: 146.740 Thread 0x00007f7e64003000 Implicit null exception at 0x00007f7ee5a6f1b9 to 0x00007f7ee5a6f7b5
Event: 166.046 Thread 0x00007f7e54003000 Implicit null exception at 0x00007f7ee5756b0e to 0x00007f7ee575877d
Event: 292.821 Thread 0x00007f7e4c003000 Implicit null exception at 0x00007f7ee5b60555 to 0x00007f7ee5b60d51

Events (10 events):
Event: 19503.364 Executing VM operation: ParallelGCFailedAllocation done
Event: 19503.945 Executing VM operation: ParallelGCFailedAllocation
Event: 19503.948 Executing VM operation: ParallelGCFailedAllocation done
Event: 19504.377 Executing VM operation: ParallelGCFailedAllocation
Event: 19504.384 Executing VM operation: ParallelGCFailedAllocation done
Event: 19509.008 Executing VM operation: ParallelGCFailedAllocation
Event: 19509.227 Executing VM operation: ParallelGCFailedAllocation done
Event: 19509.940 Executing VM operation: ParallelGCFailedAllocation
Event: 19510.066 Executing VM operation: ParallelGCFailedAllocation done
Event: 19511.808 Executing VM operation: ParallelGCFailedAllocation


Dynamic libraries:
00400000-00401000 r-xp 00000000 08:12 6569203                            /usr/lib/jvm/java-8-openjdk-amd64/jre/bin/java
00600000-00601000 r--p 00000000 08:12 6569203                            /usr/lib/jvm/java-8-openjdk-amd64/jre/bin/java
00601000-00602000 rw-p 00001000 08:12 6569203                            /usr/lib/jvm/java-8-openjdk-amd64/jre/bin/java
017b3000-017d4000 rw-p 00000000 00:00 0                                  [heap]
6c0000000-700980000 rw-p 00000000 00:00 0 
700980000-76ab00000 ---p 00000000 00:00 0 
76ab00000-78e880000 rw-p 00000000 00:00 0 
792c80000-7c0000000 ---p 00000000 00:00 0 
7c0000000-7c01a0000 rw-p 00000000 00:00 0 
7c01a0000-800000000 ---p 00000000 00:00 0 
7f7e18000000-7f7e18021000 rw-p 00000000 00:00 0 
7f7e18021000-7f7e1c000000 ---p 00000000 00:00 0 
7f7e1c000000-7f7e1c021000 rw-p 00000000 00:00 0 
7f7e1c021000-7f7e20000000 ---p 00000000 00:00 0 
7f7e20000000-7f7e20021000 rw-p 00000000 00:00 0 
7f7e20021000-7f7e24000000 ---p 00000000 00:00 0 
7f7e24000000-7f7e24021000 rw-p 00000000 00:00 0 
7f7e24021000-7f7e28000000 ---p 00000000 00:00 0 
7f7e28000000-7f7e28021000 rw-p 00000000 00:00 0 
7f7e28021000-7f7e2c000000 ---p 00000000 00:00 0 
7f7e2c000000-7f7e2c021000 rw-p 00000000 00:00 0 
7f7e2c021000-7f7e30000000 ---p 00000000 00:00 0 
7f7e30000000-7f7e30021000 rw-p 00000000 00:00 0 
7f7e30021000-7f7e34000000 ---p 00000000 00:00 0 
7f7e34000000-7f7e34021000 rw-p 00000000 00:00 0 
7f7e34021000-7f7e38000000 ---p 00000000 00:00 0 
7f7e38000000-7f7e38021000 rw-p 00000000 00:00 0 
7f7e38021000-7f7e3c000000 ---p 00000000 00:00 0 
7f7e3c000000-7f7e3c021000 rw-p 00000000 00:00 0 
7f7e3c021000-7f7e40000000 ---p 00000000 00:00 0 
7f7e40000000-7f7e40021000 rw-p 00000000 00:00 0 
7f7e40021000-7f7e44000000 ---p 00000000 00:00 0 
7f7e44000000-7f7e44021000 rw-p 00000000 00:00 0 
7f7e44021000-7f7e48000000 ---p 00000000 00:00 0 
7f7e48000000-7f7e48021000 rw-p 00000000 00:00 0 
7f7e48021000-7f7e4c000000 ---p 00000000 00:00 0 
7f7e4c000000-7f7e4c021000 rw-p 00000000 00:00 0 
7f7e4c021000-7f7e50000000 ---p 00000000 00:00 0 
7f7e50000000-7f7e50021000 rw-p 00000000 00:00 0 
7f7e50021000-7f7e54000000 ---p 00000000 00:00 0 
7f7e54000000-7f7e54021000 rw-p 00000000 00:00 0 
7f7e54021000-7f7e58000000 ---p 00000000 00:00 0 
7f7e58000000-7f7e58021000 rw-p 00000000 00:00 0 
7f7e58021000-7f7e5c000000 ---p 00000000 00:00 0 
7f7e5c000000-7f7e5c021000 rw-p 00000000 00:00 0 
7f7e5c021000-7f7e60000000 ---p 00000000 00:00 0 
7f7e60000000-7f7e60021000 rw-p 00000000 00:00 0 
7f7e60021000-7f7e64000000 ---p 00000000 00:00 0 
7f7e64000000-7f7e64021000 rw-p 00000000 00:00 0 
7f7e64021000-7f7e68000000 ---p 00000000 00:00 0 
7f7e68000000-7f7e682e0000 rw-p 00000000 00:00 0 
7f7e682e0000-7f7e6c000000 ---p 00000000 00:00 0 
7f7e6c000000-7f7e6c021000 rw-p 00000000 00:00 0 
7f7e6c021000-7f7e70000000 ---p 00000000 00:00 0 
7f7e70000000-7f7e70021000 rw-p 00000000 00:00 0 
7f7e70021000-7f7e74000000 ---p 00000000 00:00 0 
7f7e74000000-7f7e742ac000 rw-p 00000000 00:00 0 
7f7e742ac000-7f7e78000000 ---p 00000000 00:00 0 
7f7e78000000-7f7e78021000 rw-p 00000000 00:00 0 
7f7e78021000-7f7e7c000000 ---p 00000000 00:00 0 
7f7e7c000000-7f7e7c021000 rw-p 00000000 00:00 0 
7f7e7c021000-7f7e80000000 ---p 00000000 00:00 0 
7f7e80000000-7f7e80021000 rw-p 00000000 00:00 0 
7f7e80021000-7f7e84000000 ---p 00000000 00:00 0 
7f7e84000000-7f7e84021000 rw-p 00000000 00:00 0 
7f7e84021000-7f7e88000000 ---p 00000000 00:00 0 
7f7e88000000-7f7e89be6000 rw-p 00000000 00:00 0 
7f7e89be6000-7f7e8c000000 ---p 00000000 00:00 0 
7f7e8c000000-7f7e8cb51000 rw-p 00000000 00:00 0 
7f7e8cb51000-7f7e90000000 ---p 00000000 00:00 0 
7f7e90000000-7f7e91f6d000 rw-p 00000000 00:00 0 
7f7e91f6d000-7f7e94000000 ---p 00000000 00:00 0 
7f7e94000000-7f7e9659e000 rw-p 00000000 00:00 0 
7f7e9659e000-7f7e98000000 ---p 00000000 00:00 0 
7f7e98000000-7f7e98021000 rw-p 00000000 00:00 0 
7f7e98021000-7f7e9c000000 ---p 00000000 00:00 0 
7f7e9c000000-7f7e9c021000 rw-p 00000000 00:00 0 
7f7e9c021000-7f7ea0000000 ---p 00000000 00:00 0 
7f7ea0000000-7f7ea00a2000 rw-p 00000000 00:00 0 
7f7ea00a2000-7f7ea4000000 ---p 00000000 00:00 0 
7f7ea4000000-7f7ea4021000 rw-p 00000000 00:00 0 
7f7ea4021000-7f7ea8000000 ---p 00000000 00:00 0 
7f7ea8000000-7f7eb0000000 rw-p 00000000 00:00 0 
7f7eb0000000-7f7eb0021000 rw-p 00000000 00:00 0 
7f7eb0021000-7f7eb4000000 ---p 00000000 00:00 0 
7f7eb4000000-7f7eb4021000 rw-p 00000000 00:00 0 
7f7eb4021000-7f7eb8000000 ---p 00000000 00:00 0 
7f7eb8000000-7f7eb8021000 rw-p 00000000 00:00 0 
7f7eb8021000-7f7ebc000000 ---p 00000000 00:00 0 
7f7ebfeff000-7f7ebff02000 ---p 00000000 00:00 0 
7f7ebff02000-7f7ec0000000 rw-p 00000000 00:00 0 
7f7ec0000000-7f7ec0021000 rw-p 00000000 00:00 0 
7f7ec0021000-7f7ec4000000 ---p 00000000 00:00 0 
7f7ec40f2000-7f7ec40f5000 ---p 00000000 00:00 0 
7f7ec40f5000-7f7ec41f3000 rw-p 00000000 00:00 0 
7f7ec41f3000-7f7ec41f6000 ---p 00000000 00:00 0 
7f7ec41f6000-7f7ec42f4000 rw-p 00000000 00:00 0 
7f7ec42f4000-7f7ec42f7000 ---p 00000000 00:00 0 
7f7ec42f7000-7f7ec43f5000 rw-p 00000000 00:00 0 
7f7ec43f5000-7f7ec43f8000 ---p 00000000 00:00 0 
7f7ec43f8000-7f7ec44f6000 rw-p 00000000 00:00 0 
7f7ec44f6000-7f7ec44f9000 ---p 00000000 00:00 0 
7f7ec44f9000-7f7ec45f7000 rw-p 00000000 00:00 0 
7f7ec45f7000-7f7ec45fa000 ---p 00000000 00:00 0 
7f7ec45fa000-7f7ec46f8000 rw-p 00000000 00:00 0 
7f7ec46f8000-7f7ec46fb000 ---p 00000000 00:00 0 
7f7ec46fb000-7f7ec47f9000 rw-p 00000000 00:00 0 
7f7ec47f9000-7f7ec47fc000 ---p 00000000 00:00 0 
7f7ec47fc000-7f7ec48fa000 rw-p 00000000 00:00 0 
7f7ec48fa000-7f7ec48fd000 ---p 00000000 00:00 0 
7f7ec48fd000-7f7ec49fb000 rw-p 00000000 00:00 0 
7f7ec49fb000-7f7ec49fe000 ---p 00000000 00:00 0 
7f7ec49fe000-7f7ec4afc000 rw-p 00000000 00:00 0 
7f7ec4afc000-7f7ec4aff000 ---p 00000000 00:00 0 
7f7ec4aff000-7f7ec4bfd000 rw-p 00000000 00:00 0 
7f7ec4bfd000-7f7ec4c00000 ---p 00000000 00:00 0 
7f7ec4c00000-7f7ec4cfe000 rw-p 00000000 00:00 0 
7f7ec4cfe000-7f7ec4d01000 ---p 00000000 00:00 0 
7f7ec4d01000-7f7ec4f7f000 rw-p 00000000 00:00 0 
7f7ec4f7f000-7f7ec4fff000 ---p 00000000 00:00 0 
7f7ec4fff000-7f7ec8000000 rw-p 00000000 00:00 0 
7f7ec8000000-7f7ec8021000 rw-p 00000000 00:00 0 
7f7ec8021000-7f7ecc000000 ---p 00000000 00:00 0 
7f7ecc000000-7f7ecc021000 rw-p 00000000 00:00 0 
7f7ecc021000-7f7ed0000000 ---p 00000000 00:00 0 
7f7ed0000000-7f7ed0021000 rw-p 00000000 00:00 0 
7f7ed0021000-7f7ed4000000 ---p 00000000 00:00 0 
7f7ed401f000-7f7ed4022000 ---p 00000000 00:00 0 
7f7ed4022000-7f7ed4120000 rw-p 00000000 00:00 0 
7f7ed4120000-7f7ed4123000 ---p 00000000 00:00 0 
7f7ed4123000-7f7ed4221000 rw-p 00000000 00:00 0 
7f7ed4221000-7f7ed4224000 ---p 00000000 00:00 0 
7f7ed4224000-7f7ed4322000 rw-p 00000000 00:00 0 
7f7ed4322000-7f7ed4325000 ---p 00000000 00:00 0 
7f7ed4325000-7f7ed4423000 rw-p 00000000 00:00 0 
7f7ed4423000-7f7ed4426000 ---p 00000000 00:00 0 
7f7ed4426000-7f7ed4524000 rw-p 00000000 00:00 0 
7f7ed4524000-7f7ed4527000 ---p 00000000 00:00 0 
7f7ed4527000-7f7ed4625000 rw-p 00000000 00:00 0 
7f7ed4625000-7f7ed4628000 ---p 00000000 00:00 0 
7f7ed4628000-7f7ed4926000 rw-p 00000000 00:00 0 
7f7ed4926000-7f7ed4929000 ---p 00000000 00:00 0 
7f7ed4929000-7f7ed4c27000 rw-p 00000000 00:00 0 
7f7ed4c27000-7f7ed4c2a000 ---p 00000000 00:00 0 
7f7ed4c2a000-7f7ed4d28000 rw-p 00000000 00:00 0 
7f7ed4d28000-7f7ed4d2b000 ---p 00000000 00:00 0 
7f7ed4d2b000-7f7ed4e29000 rw-p 00000000 00:00 0 
7f7ed4e29000-7f7ed4e2c000 ---p 00000000 00:00 0 
7f7ed4e2c000-7f7ed4f2a000 rw-p 00000000 00:00 0 
7f7ed4f2a000-7f7ed4f2d000 ---p 00000000 00:00 0 
7f7ed4f2d000-7f7ed502b000 rw-p 00000000 00:00 0 
7f7ed502b000-7f7ed503c000 r-xp 00000000 08:12 6437520                    /usr/lib/jvm/java-8-openjdk-amd64/jre/lib/amd64/libnio.so
7f7ed503c000-7f7ed523c000 ---p 00011000 08:12 6437520                    /usr/lib/jvm/java-8-openjdk-amd64/jre/lib/amd64/libnio.so
7f7ed523c000-7f7ed523d000 r--p 00011000 08:12 6437520                    /usr/lib/jvm/java-8-openjdk-amd64/jre/lib/amd64/libnio.so
7f7ed523d000-7f7ed523e000 rw-p 00012000 08:12 6437520                    /usr/lib/jvm/java-8-openjdk-amd64/jre/lib/amd64/libnio.so
7f7ed523e000-7f7ed5255000 r-xp 00000000 08:12 6437521                    /usr/lib/jvm/java-8-openjdk-amd64/jre/lib/amd64/libnet.so
7f7ed5255000-7f7ed5454000 ---p 00017000 08:12 6437521                    /usr/lib/jvm/java-8-openjdk-amd64/jre/lib/amd64/libnet.so
7f7ed5454000-7f7ed5455000 r--p 00016000 08:12 6437521                    /usr/lib/jvm/java-8-openjdk-amd64/jre/lib/amd64/libnet.so
7f7ed5455000-7f7ed5456000 rw-p 00017000 08:12 6437521                    /usr/lib/jvm/java-8-openjdk-amd64/jre/lib/amd64/libnet.so
7f7ed5456000-7f7ed545d000 r--s 00046000 08:12 18743727                   /home/nlp/Documents/data/stanford-corenlp-full-2018-02-27/xom.jar
7f7ed545d000-7f7ed54af000 r--s 00766000 08:12 18743702                   /home/nlp/Documents/data/stanford-corenlp-full-2018-02-27/stanford-corenlp-3.9.1.jar
7f7ed54af000-7f7ed54be000 r--s 0013a000 08:12 18743713                   /home/nlp/Documents/data/stanford-corenlp-full-2018-02-27/protobuf.jar
7f7ed54be000-7f7ed54e0000 r--s 004f4000 08:12 18743705                   /home/nlp/Documents/data/stanford-corenlp-full-2018-02-27/stanford-corenlp-3.9.1-sources.jar
7f7ed54e0000-7f7ed5520000 r--s 008f6000 08:12 18743729                   /home/nlp/Documents/data/stanford-corenlp-full-2018-02-27/stanford-corenlp-3.9.1-javadoc.jar
7f7ed5520000-7f7ed5521000 ---p 00000000 00:00 0 
7f7ed5521000-7f7ed5621000 rw-p 00000000 00:00 0 
7f7ed5621000-7f7ed5624000 ---p 00000000 00:00 0 
7f7ed5624000-7f7ed5722000 rw-p 00000000 00:00 0 
7f7ed5722000-7f7ed5725000 ---p 00000000 00:00 0 
7f7ed5725000-7f7ed5823000 rw-p 00000000 00:00 0 
7f7ed5823000-7f7ed5826000 ---p 00000000 00:00 0 
7f7ed5826000-7f7ed5924000 rw-p 00000000 00:00 0 
7f7ed5924000-7f7ed5927000 ---p 00000000 00:00 0 
7f7ed5927000-7f7ed5a25000 rw-p 00000000 00:00 0 
7f7ed5a25000-7f7ed5a28000 ---p 00000000 00:00 0 
7f7ed5a28000-7f7ed5b26000 rw-p 00000000 00:00 0 
7f7ed5b26000-7f7ed5b29000 ---p 00000000 00:00 0 
7f7ed5b29000-7f7ed5c27000 rw-p 00000000 00:00 0 
7f7ed5c27000-7f7ed65e6000 r--p 00000000 08:12 4856596                    /usr/lib/locale/locale-archive
7f7ed65e6000-7f7ed65e9000 ---p 00000000 00:00 0 
7f7ed65e9000-7f7ed66e7000 rw-p 00000000 00:00 0 
7f7ed66e7000-7f7ed66ea000 ---p 00000000 00:00 0 
7f7ed66ea000-7f7ed67e8000 rw-p 00000000 00:00 0 
7f7ed67e8000-7f7ed67e9000 ---p 00000000 00:00 0 
7f7ed67e9000-7f7ed8000000 rw-p 00000000 00:00 0 
7f7ed8000000-7f7ed8021000 rw-p 00000000 00:00 0 
7f7ed8021000-7f7edc000000 ---p 00000000 00:00 0 
7f7edc000000-7f7edc021000 rw-p 00000000 00:00 0 
7f7edc021000-7f7ee0000000 ---p 00000000 00:00 0 
7f7ee0000000-7f7ee0021000 rw-p 00000000 00:00 0 
7f7ee0021000-7f7ee4000000 ---p 00000000 00:00 0 
7f7ee4004000-7f7ee4007000 r--s 00012000 08:12 18743734                   /home/nlp/Documents/data/stanford-corenlp-full-2018-02-27/javax.json.jar
7f7ee4007000-7f7ee4008000 r--s 00007000 08:12 18743731                   /home/nlp/Documents/data/stanford-corenlp-full-2018-02-27/slf4j-api.jar
7f7ee4008000-7f7ee400e000 r--s 000b8000 08:12 18743737                   /home/nlp/Documents/data/stanford-corenlp-full-2018-02-27/joda-time-2.9-sources.jar
7f7ee400e000-7f7ee4010000 r--s 0000c000 08:12 18743712                   /home/nlp/Documents/data/stanford-corenlp-full-2018-02-27/javax.json-api-1.0-sources.jar
7f7ee4010000-7f7ee4021000 r--s 00089000 08:12 18743726                   /home/nlp/Documents/data/stanford-corenlp-full-2018-02-27/joda-time.jar
7f7ee4021000-7f7ee4022000 r--s 00002000 08:12 18743724                   /home/nlp/Documents/data/stanford-corenlp-full-2018-02-27/slf4j-simple.jar
7f7ee4022000-7f7ee4028000 r--s 159c1000 08:12 18743732                   /home/nlp/Documents/data/stanford-corenlp-full-2018-02-27/stanford-corenlp-3.9.1-models.jar
7f7ee4028000-7f7ee402d000 r--s 00030000 08:12 18743738                   /home/nlp/Documents/data/stanford-corenlp-full-2018-02-27/jollyday.jar
7f7ee402d000-7f7ee4035000 r--s 0009d000 08:12 18743690                   /home/nlp/Documents/data/stanford-corenlp-full-2018-02-27/xom-1.2.10-src.jar
7f7ee4035000-7f7ee403f000 r--s 00116000 08:12 6437540                    /usr/lib/jvm/java-8-openjdk-amd64/jre/lib/ext/localedata.jar
7f7ee403f000-7f7ee405a000 r--s 00394000 08:12 6437539                    /usr/lib/jvm/java-8-openjdk-amd64/jre/lib/ext/cldrdata.jar
7f7ee405a000-7f7ee4075000 r--s 001d6000 08:12 6437542                    /usr/lib/jvm/java-8-openjdk-amd64/jre/lib/ext/nashorn.jar
7f7ee4075000-7f7ee5000000 rw-p 00000000 00:00 0 
7f7ee5000000-7f7ee6130000 rwxp 00000000 00:00 0 
7f7ee6130000-7f7ef4000000 ---p 00000000 00:00 0 
7f7ef4000000-7f7ef4393000 rw-p 00000000 00:00 0 
7f7ef4393000-7f7ef8000000 ---p 00000000 00:00 0 
7f7ef8000000-7f7ef8438000 rw-p 00000000 00:00 0 
7f7ef8438000-7f7ef8607000 r--s 03c33000 08:12 6437549                    /usr/lib/jvm/java-8-openjdk-amd64/jre/lib/rt.jar
7f7ef8607000-7f7ef8e7d000 rw-p 00000000 00:00 0 
7f7ef8e7d000-7f7ef8e7e000 ---p 00000000 00:00 0 
7f7ef8e7e000-7f7ef8f7e000 rw-p 00000000 00:00 0 
7f7ef8f7e000-7f7ef8f7f000 ---p 00000000 00:00 0 
7f7ef8f7f000-7f7ef907f000 rw-p 00000000 00:00 0 
7f7ef907f000-7f7ef9080000 ---p 00000000 00:00 0 
7f7ef9080000-7f7ef9180000 rw-p 00000000 00:00 0 
7f7ef9180000-7f7ef9181000 ---p 00000000 00:00 0 
7f7ef9181000-7f7ef9281000 rw-p 00000000 00:00 0 
7f7ef9281000-7f7ef9282000 ---p 00000000 00:00 0 
7f7ef9282000-7f7ef9382000 rw-p 00000000 00:00 0 
7f7ef9382000-7f7ef9383000 ---p 00000000 00:00 0 
7f7ef9383000-7f7ef9483000 rw-p 00000000 00:00 0 
7f7ef9483000-7f7ef9484000 ---p 00000000 00:00 0 
7f7ef9484000-7f7ef9584000 rw-p 00000000 00:00 0 
7f7ef9584000-7f7ef9585000 ---p 00000000 00:00 0 
7f7ef9585000-7f7ef9685000 rw-p 00000000 00:00 0 
7f7ef9685000-7f7ef9686000 ---p 00000000 00:00 0 
7f7ef9686000-7f7ef9786000 rw-p 00000000 00:00 0 
7f7ef9786000-7f7ef9787000 ---p 00000000 00:00 0 
7f7ef9787000-7f7ef9a8c000 rw-p 00000000 00:00 0 
7f7ef9a8c000-7f7ef9ddd000 ---p 00000000 00:00 0 
7f7ef9ddd000-7f7ef9fe2000 rw-p 00000000 00:00 0 
7f7ef9fe2000-7f7efa332000 ---p 00000000 00:00 0 
7f7efa332000-7f7efa452000 rw-p 00000000 00:00 0 
7f7efa452000-7f7efa5dd000 ---p 00000000 00:00 0 
7f7efa5dd000-7f7efa623000 rw-p 00000000 00:00 0 
7f7efa623000-7f7efa99e000 ---p 00000000 00:00 0 
7f7efa99e000-7f7efa9a6000 r-xp 00000000 08:12 6437512                    /usr/lib/jvm/java-8-openjdk-amd64/jre/lib/amd64/libzip.so
7f7efa9a6000-7f7efaba5000 ---p 00008000 08:12 6437512                    /usr/lib/jvm/java-8-openjdk-amd64/jre/lib/amd64/libzip.so
7f7efaba5000-7f7efaba6000 r--p 00007000 08:12 6437512                    /usr/lib/jvm/java-8-openjdk-amd64/jre/lib/amd64/libzip.so
7f7efaba6000-7f7efaba7000 rw-p 00008000 08:12 6437512                    /usr/lib/jvm/java-8-openjdk-amd64/jre/lib/amd64/libzip.so
7f7efaba7000-7f7efabb2000 r-xp 00000000 08:12 79827597                   /lib/x86_64-linux-gnu/libnss_files-2.23.so
7f7efabb2000-7f7efadb1000 ---p 0000b000 08:12 79827597                   /lib/x86_64-linux-gnu/libnss_files-2.23.so
7f7efadb1000-7f7efadb2000 r--p 0000a000 08:12 79827597                   /lib/x86_64-linux-gnu/libnss_files-2.23.so
7f7efadb2000-7f7efadb3000 rw-p 0000b000 08:12 79827597                   /lib/x86_64-linux-gnu/libnss_files-2.23.so
7f7efadb3000-7f7efadb9000 rw-p 00000000 00:00 0 
7f7efadb9000-7f7efadc4000 r-xp 00000000 08:12 79827607                   /lib/x86_64-linux-gnu/libnss_nis-2.23.so
7f7efadc4000-7f7efafc3000 ---p 0000b000 08:12 79827607                   /lib/x86_64-linux-gnu/libnss_nis-2.23.so
7f7efafc3000-7f7efafc4000 r--p 0000a000 08:12 79827607                   /lib/x86_64-linux-gnu/libnss_nis-2.23.so
7f7efafc4000-7f7efafc5000 rw-p 0000b000 08:12 79827607                   /lib/x86_64-linux-gnu/libnss_nis-2.23.so
7f7efafc5000-7f7efafdb000 r-xp 00000000 08:12 79827591                   /lib/x86_64-linux-gnu/libnsl-2.23.so
7f7efafdb000-7f7efb1da000 ---p 00016000 08:12 79827591                   /lib/x86_64-linux-gnu/libnsl-2.23.so
7f7efb1da000-7f7efb1db000 r--p 00015000 08:12 79827591                   /lib/x86_64-linux-gnu/libnsl-2.23.so
7f7efb1db000-7f7efb1dc000 rw-p 00016000 08:12 79827591                   /lib/x86_64-linux-gnu/libnsl-2.23.so
7f7efb1dc000-7f7efb1de000 rw-p 00000000 00:00 0 
7f7efb1de000-7f7efb1e6000 r-xp 00000000 08:12 79827593                   /lib/x86_64-linux-gnu/libnss_compat-2.23.so
7f7efb1e6000-7f7efb3e5000 ---p 00008000 08:12 79827593                   /lib/x86_64-linux-gnu/libnss_compat-2.23.so
7f7efb3e5000-7f7efb3e6000 r--p 00007000 08:12 79827593                   /lib/x86_64-linux-gnu/libnss_compat-2.23.so
7f7efb3e6000-7f7efb3e7000 rw-p 00008000 08:12 79827593                   /lib/x86_64-linux-gnu/libnss_compat-2.23.so
7f7efb3e7000-7f7efb414000 r-xp 00000000 08:12 6437532                    /usr/lib/jvm/java-8-openjdk-amd64/jre/lib/amd64/libjava.so
7f7efb414000-7f7efb613000 ---p 0002d000 08:12 6437532                    /usr/lib/jvm/java-8-openjdk-amd64/jre/lib/amd64/libjava.so
7f7efb613000-7f7efb614000 r--p 0002c000 08:12 6437532                    /usr/lib/jvm/java-8-openjdk-amd64/jre/lib/amd64/libjava.so
7f7efb614000-7f7efb616000 rw-p 0002d000 08:12 6437532                    /usr/lib/jvm/java-8-openjdk-amd64/jre/lib/amd64/libjava.so
7f7efb616000-7f7efb625000 r-xp 00000000 08:12 6437507                    /usr/lib/jvm/java-8-openjdk-amd64/jre/lib/amd64/libverify.so
7f7efb625000-7f7efb824000 ---p 0000f000 08:12 6437507                    /usr/lib/jvm/java-8-openjdk-amd64/jre/lib/amd64/libverify.so
7f7efb824000-7f7efb826000 r--p 0000e000 08:12 6437507                    /usr/lib/jvm/java-8-openjdk-amd64/jre/lib/amd64/libverify.so
7f7efb826000-7f7efb827000 rw-p 00010000 08:12 6437507                    /usr/lib/jvm/java-8-openjdk-amd64/jre/lib/amd64/libverify.so
7f7efb827000-7f7efb82e000 r-xp 00000000 08:12 79827652                   /lib/x86_64-linux-gnu/librt-2.23.so
7f7efb82e000-7f7efba2d000 ---p 00007000 08:12 79827652                   /lib/x86_64-linux-gnu/librt-2.23.so
7f7efba2d000-7f7efba2e000 r--p 00006000 08:12 79827652                   /lib/x86_64-linux-gnu/librt-2.23.so
7f7efba2e000-7f7efba2f000 rw-p 00007000 08:12 79827652                   /lib/x86_64-linux-gnu/librt-2.23.so
7f7efba2f000-7f7efba45000 r-xp 00000000 08:12 79827536                   /lib/x86_64-linux-gnu/libgcc_s.so.1
7f7efba45000-7f7efbc44000 ---p 00016000 08:12 79827536                   /lib/x86_64-linux-gnu/libgcc_s.so.1
7f7efbc44000-7f7efbc45000 rw-p 00015000 08:12 79827536                   /lib/x86_64-linux-gnu/libgcc_s.so.1
7f7efbc45000-7f7efbd4d000 r-xp 00000000 08:12 79827568                   /lib/x86_64-linux-gnu/libm-2.23.so
7f7efbd4d000-7f7efbf4c000 ---p 00108000 08:12 79827568                   /lib/x86_64-linux-gnu/libm-2.23.so
7f7efbf4c000-7f7efbf4d000 r--p 00107000 08:12 79827568                   /lib/x86_64-linux-gnu/libm-2.23.so
7f7efbf4d000-7f7efbf4e000 rw-p 00108000 08:12 79827568                   /lib/x86_64-linux-gnu/libm-2.23.so
7f7efbf4e000-7f7efc0c0000 r-xp 00000000 08:12 4858650                    /usr/lib/x86_64-linux-gnu/libstdc++.so.6.0.21
7f7efc0c0000-7f7efc2c0000 ---p 00172000 08:12 4858650                    /usr/lib/x86_64-linux-gnu/libstdc++.so.6.0.21
7f7efc2c0000-7f7efc2ca000 r--p 00172000 08:12 4858650                    /usr/lib/x86_64-linux-gnu/libstdc++.so.6.0.21
7f7efc2ca000-7f7efc2cc000 rw-p 0017c000 08:12 4858650                    /usr/lib/x86_64-linux-gnu/libstdc++.so.6.0.21
7f7efc2cc000-7f7efc2d0000 rw-p 00000000 00:00 0 
7f7efc2d0000-7f7efcf2d000 r-xp 00000000 08:12 6569760                    /usr/lib/jvm/java-8-openjdk-amd64/jre/lib/amd64/server/libjvm.so
7f7efcf2d000-7f7efd12d000 ---p 00c5d000 08:12 6569760                    /usr/lib/jvm/java-8-openjdk-amd64/jre/lib/amd64/server/libjvm.so
7f7efd12d000-7f7efd1c1000 r--p 00c5d000 08:12 6569760                    /usr/lib/jvm/java-8-openjdk-amd64/jre/lib/amd64/server/libjvm.so
7f7efd1c1000-7f7efd1ea000 rw-p 00cf1000 08:12 6569760                    /usr/lib/jvm/java-8-openjdk-amd64/jre/lib/amd64/server/libjvm.so
7f7efd1ea000-7f7efd21a000 rw-p 00000000 00:00 0 
7f7efd21a000-7f7efd232000 r-xp 00000000 08:12 79827644                   /lib/x86_64-linux-gnu/libpthread-2.23.so
7f7efd232000-7f7efd431000 ---p 00018000 08:12 79827644                   /lib/x86_64-linux-gnu/libpthread-2.23.so
7f7efd431000-7f7efd432000 r--p 00017000 08:12 79827644                   /lib/x86_64-linux-gnu/libpthread-2.23.so
7f7efd432000-7f7efd433000 rw-p 00018000 08:12 79827644                   /lib/x86_64-linux-gnu/libpthread-2.23.so
7f7efd433000-7f7efd437000 rw-p 00000000 00:00 0 
7f7efd437000-7f7efd43a000 r-xp 00000000 08:12 79827522                   /lib/x86_64-linux-gnu/libdl-2.23.so
7f7efd43a000-7f7efd639000 ---p 00003000 08:12 79827522                   /lib/x86_64-linux-gnu/libdl-2.23.so
7f7efd639000-7f7efd63a000 r--p 00002000 08:12 79827522                   /lib/x86_64-linux-gnu/libdl-2.23.so
7f7efd63a000-7f7efd63b000 rw-p 00003000 08:12 79827522                   /lib/x86_64-linux-gnu/libdl-2.23.so
7f7efd63b000-7f7efd654000 r-xp 00000000 08:12 79827689                   /lib/x86_64-linux-gnu/libz.so.1.2.8
7f7efd654000-7f7efd853000 ---p 00019000 08:12 79827689                   /lib/x86_64-linux-gnu/libz.so.1.2.8
7f7efd853000-7f7efd854000 r--p 00018000 08:12 79827689                   /lib/x86_64-linux-gnu/libz.so.1.2.8
7f7efd854000-7f7efd855000 rw-p 00019000 08:12 79827689                   /lib/x86_64-linux-gnu/libz.so.1.2.8
7f7efd855000-7f7efda15000 r-xp 00000000 08:12 79827498                   /lib/x86_64-linux-gnu/libc-2.23.so
7f7efda15000-7f7efdc15000 ---p 001c0000 08:12 79827498                   /lib/x86_64-linux-gnu/libc-2.23.so
7f7efdc15000-7f7efdc19000 r--p 001c0000 08:12 79827498                   /lib/x86_64-linux-gnu/libc-2.23.so
7f7efdc19000-7f7efdc1b000 rw-p 001c4000 08:12 79827498                   /lib/x86_64-linux-gnu/libc-2.23.so
7f7efdc1b000-7f7efdc1f000 rw-p 00000000 00:00 0 
7f7efdc1f000-7f7efdc2c000 r-xp 00000000 08:12 6569759                    /usr/lib/jvm/java-8-openjdk-amd64/jre/lib/amd64/jli/libjli.so
7f7efdc2c000-7f7efde2c000 ---p 0000d000 08:12 6569759                    /usr/lib/jvm/java-8-openjdk-amd64/jre/lib/amd64/jli/libjli.so
7f7efde2c000-7f7efde2d000 r--p 0000d000 08:12 6569759                    /usr/lib/jvm/java-8-openjdk-amd64/jre/lib/amd64/jli/libjli.so
7f7efde2d000-7f7efde2e000 rw-p 0000e000 08:12 6569759                    /usr/lib/jvm/java-8-openjdk-amd64/jre/lib/amd64/jli/libjli.so
7f7efde2e000-7f7efde54000 r-xp 00000000 08:12 79827470                   /lib/x86_64-linux-gnu/ld-2.23.so
7f7efde54000-7f7efde59000 r--s 0002f000 08:12 18743733                   /home/nlp/Documents/data/stanford-corenlp-full-2018-02-27/ejml-0.23.jar
7f7efde59000-7f7efdf2c000 rw-p 00000000 00:00 0 
7f7efdf2c000-7f7efdf2f000 ---p 00000000 00:00 0 
7f7efdf2f000-7f7efe031000 rw-p 00000000 00:00 0 
7f7efe031000-7f7efe036000 r--s 0002c000 08:12 18743693                   /home/nlp/Documents/data/stanford-corenlp-full-2018-02-27/jollyday-0.4.9-sources.jar
7f7efe036000-7f7efe037000 r--s 00010000 08:12 6437547                    /usr/lib/jvm/java-8-openjdk-amd64/jre/lib/ext/zipfs.jar
7f7efe037000-7f7efe03a000 r--s 0000f000 08:12 6437541                    /usr/lib/jvm/java-8-openjdk-amd64/jre/lib/ext/icedtea-sound.jar
7f7efe03a000-7f7efe03c000 r--s 00008000 08:12 6437543                    /usr/lib/jvm/java-8-openjdk-amd64/jre/lib/ext/sunec.jar
7f7efe03c000-7f7efe03e000 r--s 00001000 08:12 6437545                    /usr/lib/jvm/java-8-openjdk-amd64/jre/lib/ext/dnsns.jar
7f7efe03e000-7f7efe03f000 r--s 0000a000 08:12 6437546                    /usr/lib/jvm/java-8-openjdk-amd64/jre/lib/ext/jaccess.jar
7f7efe03f000-7f7efe042000 r--s 00038000 08:12 6437544                    /usr/lib/jvm/java-8-openjdk-amd64/jre/lib/ext/sunpkcs11.jar
7f7efe042000-7f7efe048000 r--s 0003b000 08:12 6437548                    /usr/lib/jvm/java-8-openjdk-amd64/jre/lib/ext/sunjce_provider.jar
7f7efe048000-7f7efe050000 rw-s 00000000 08:12 69992551                   /tmp/hsperfdata_nlp/12012
7f7efe050000-7f7efe051000 rw-p 00000000 00:00 0 
7f7efe051000-7f7efe052000 ---p 00000000 00:00 0 
7f7efe052000-7f7efe053000 rw-p 00000000 00:00 0 
7f7efe053000-7f7efe054000 r--p 00025000 08:12 79827470                   /lib/x86_64-linux-gnu/ld-2.23.so
7f7efe054000-7f7efe055000 rw-p 00026000 08:12 79827470                   /lib/x86_64-linux-gnu/ld-2.23.so
7f7efe055000-7f7efe056000 rw-p 00000000 00:00 0 
7ffce8dbf000-7ffce8de1000 rw-p 00000000 00:00 0                          [stack]
7ffce8dec000-7ffce8def000 r--p 00000000 00:00 0                          [vvar]
7ffce8def000-7ffce8df1000 r-xp 00000000 00:00 0                          [vdso]
ffffffffff600000-ffffffffff601000 r-xp 00000000 00:00 0                  [vsyscall]

VM Arguments:
jvm_args: -Xmx4g 
java_command: edu.stanford.nlp.pipeline.StanfordCoreNLPServer -port 9020
java_class_path (initial): ../data/stanford-corenlp-full-2018-02-27/jollyday-0.4.9-sources.jar:../data/stanford-corenlp-full-2018-02-27/xom-1.2.10-src.jar:../data/stanford-corenlp-full-2018-02-27/ejml-0.23.jar:../data/stanford-corenlp-full-2018-02-27/jollyday.jar:../data/stanford-corenlp-full-2018-02-27/stanford-corenlp-3.9.1-models.jar:../data/stanford-corenlp-full-2018-02-27/stanford-corenlp-3.9.1-javadoc.jar:../data/stanford-corenlp-full-2018-02-27/slf4j-simple.jar:../data/stanford-corenlp-full-2018-02-27/stanford-corenlp-3.9.1-sources.jar:../data/stanford-corenlp-full-2018-02-27/joda-time.jar:../data/stanford-corenlp-full-2018-02-27/javax.json-api-1.0-sources.jar:../data/stanford-corenlp-full-2018-02-27/protobuf.jar:../data/stanford-corenlp-full-2018-02-27/joda-time-2.9-sources.jar:../data/stanford-corenlp-full-2018-02-27/slf4j-api.jar:../data/stanford-corenlp-full-2018-02-27/javax.json.jar:../data/stanford-corenlp-full-2018-02-27/stanford-corenlp-3.9.1.jar:../data/stanford-corenlp-full-2018-02-27/xom.jar
Launcher Type: SUN_STANDARD

Environment Variables:
PATH=/home/nlp/anaconda3/envs/allennlp/bin:/home/nlp/anaconda3/bin:/home/nlp/anaconda2/bin:/home/nlp/anaconda2/bin:/home/nlp/anaconda3/bin:/home/nlp/bin:/home/nlp/.local/bin:/usr/local/sbin:/usr/local/bin:/usr/sbin:/usr/bin:/sbin:/bin:/usr/games:/usr/local/games:/usr/local/cuda/bin:/snap/bin
SHELL=/bin/bash
DISPLAY=:0

Signal Handlers:
SIGSEGV: [libjvm.so+0xa71a70], sa_mask[0]=11111111011111111101111111111110, sa_flags=SA_RESTART|SA_SIGINFO
SIGBUS: [libjvm.so+0xa71a70], sa_mask[0]=11111111011111111101111111111110, sa_flags=SA_RESTART|SA_SIGINFO
SIGFPE: [libjvm.so+0x8b8f80], sa_mask[0]=11111111011111111101111111111110, sa_flags=SA_RESTART|SA_SIGINFO
SIGPIPE: [libjvm.so+0x8b8f80], sa_mask[0]=11111111011111111101111111111110, sa_flags=SA_RESTART|SA_SIGINFO
SIGXFSZ: [libjvm.so+0x8b8f80], sa_mask[0]=11111111011111111101111111111110, sa_flags=SA_RESTART|SA_SIGINFO
SIGILL: [libjvm.so+0x8b8f80], sa_mask[0]=11111111011111111101111111111110, sa_flags=SA_RESTART|SA_SIGINFO
SIGUSR1: SIG_DFL, sa_mask[0]=00000000000000000000000000000000, sa_flags=none
SIGUSR2: [libjvm.so+0x8b8e30], sa_mask[0]=00000000000000000000000000000000, sa_flags=SA_RESTART|SA_SIGINFO
SIGHUP: [libjvm.so+0x8b9300], sa_mask[0]=11111111011111111101111111111110, sa_flags=SA_RESTART|SA_SIGINFO
SIGINT: [libjvm.so+0x8b9300], sa_mask[0]=11111111011111111101111111111110, sa_flags=SA_RESTART|SA_SIGINFO
SIGTERM: [libjvm.so+0x8b9300], sa_mask[0]=11111111011111111101111111111110, sa_flags=SA_RESTART|SA_SIGINFO
SIGQUIT: [libjvm.so+0x8b9300], sa_mask[0]=11111111011111111101111111111110, sa_flags=SA_RESTART|SA_SIGINFO


---------------  S Y S T E M  ---------------

OS:DISTRIB_ID=Ubuntu
DISTRIB_RELEASE=16.04
DISTRIB_CODENAME=xenial
DISTRIB_DESCRIPTION="Ubuntu 16.04.5 LTS"

uname:Linux 4.15.0-36-generic #39~16.04.1-Ubuntu SMP Tue Sep 25 08:59:23 UTC 2018 x86_64
libc:glibc 2.23 NPTL 2.23 
rlimit: STACK 8192k, CORE 0k, NPROC 127916, NOFILE 1048576, AS infinity
load average:16.40 8.42 5.62

/proc/meminfo:
MemTotal:       32857844 kB
MemFree:          240416 kB
MemAvailable:       5892 kB
Buffers:            1504 kB
Cached:           148088 kB
SwapCached:         3516 kB
Active:         30210620 kB
Inactive:        1786512 kB
Active(anon):   30204420 kB
Inactive(anon):  1776736 kB
Active(file):       6200 kB
Inactive(file):     9776 kB
Unevictable:         112 kB
Mlocked:             112 kB
SwapTotal:       1000444 kB
SwapFree:              0 kB
Dirty:               272 kB
Writeback:          2896 kB
AnonPages:      31844832 kB
Mapped:           292684 kB
Shmem:            132924 kB
Slab:             154984 kB
SReclaimable:      52060 kB
SUnreclaim:       102924 kB
KernelStack:       26704 kB
PageTables:       131140 kB
NFS_Unstable:          0 kB
Bounce:                0 kB
WritebackTmp:          0 kB
CommitLimit:    17429364 kB
Committed_AS:   60466040 kB
VmallocTotal:   34359738367 kB
VmallocUsed:           0 kB
VmallocChunk:          0 kB
HardwareCorrupted:     0 kB
AnonHugePages:         0 kB
ShmemHugePages:        0 kB
ShmemPmdMapped:        0 kB
CmaTotal:              0 kB
CmaFree:               0 kB
HugePages_Total:       0
HugePages_Free:        0
HugePages_Rsvd:        0
HugePages_Surp:        0
Hugepagesize:       2048 kB
DirectMap4k:      570472 kB
DirectMap2M:    20320256 kB
DirectMap1G:    12582912 kB


CPU:total 12 (initial active 12) (6 cores per cpu, 2 threads per core) family 6 model 158 stepping 10, cmov, cx8, fxsr, mmx, sse, sse2, sse3, ssse3, sse4.1, sse4.2, popcnt, avx, avx2, aes, clmul, erms, rtm, 3dnowpref, lzcnt, ht, tsc, tscinvbit, bmi1, bmi2, adx

/proc/cpuinfo:
processor	: 0
vendor_id	: GenuineIntel
cpu family	: 6
model		: 158
model name	: Intel(R) Core(TM) i7-8700 CPU @ 3.20GHz
stepping	: 10
microcode	: 0x96
cpu MHz		: 900.753
cache size	: 12288 KB
physical id	: 0
siblings	: 12
core id		: 0
cpu cores	: 6
apicid		: 0
initial apicid	: 0
fpu		: yes
fpu_exception	: yes
cpuid level	: 22
wp		: yes
flags		: fpu vme de pse tsc msr pae mce cx8 apic sep mtrr pge mca cmov pat pse36 clflush dts acpi mmx fxsr sse sse2 ss ht tm pbe syscall nx pdpe1gb rdtscp lm constant_tsc art arch_perfmon pebs bts rep_good nopl xtopology nonstop_tsc cpuid aperfmperf tsc_known_freq pni pclmulqdq dtes64 monitor ds_cpl vmx smx est tm2 ssse3 sdbg fma cx16 xtpr pdcm pcid sse4_1 sse4_2 x2apic movbe popcnt tsc_deadline_timer aes xsave avx f16c rdrand lahf_lm abm 3dnowprefetch cpuid_fault epb invpcid_single pti ssbd ibrs ibpb stibp tpr_shadow vnmi flexpriority ept vpid fsgsbase tsc_adjust bmi1 hle avx2 smep bmi2 erms invpcid rtm mpx rdseed adx smap clflushopt intel_pt xsaveopt xsavec xgetbv1 xsaves dtherm ida arat pln pts hwp hwp_notify hwp_act_window hwp_epp flush_l1d
bugs		: cpu_meltdown spectre_v1 spectre_v2 spec_store_bypass l1tf
bogomips	: 6384.00
clflush size	: 64
cache_alignment	: 64
address sizes	: 39 bits physical, 48 bits virtual
power management:

processor	: 1
vendor_id	: GenuineIntel
cpu family	: 6
model		: 158
model name	: Intel(R) Core(TM) i7-8700 CPU @ 3.20GHz
stepping	: 10
microcode	: 0x96
cpu MHz		: 900.358
cache size	: 12288 KB
physical id	: 0
siblings	: 12
core id		: 1
cpu cores	: 6
apicid		: 2
initial apicid	: 2
fpu		: yes
fpu_exception	: yes
cpuid level	: 22
wp		: yes
flags		: fpu vme de pse tsc msr pae mce cx8 apic sep mtrr pge mca cmov pat pse36 clflush dts acpi mmx fxsr sse sse2 ss ht tm pbe syscall nx pdpe1gb rdtscp lm constant_tsc art arch_perfmon pebs bts rep_good nopl xtopology nonstop_tsc cpuid aperfmperf tsc_known_freq pni pclmulqdq dtes64 monitor ds_cpl vmx smx est tm2 ssse3 sdbg fma cx16 xtpr pdcm pcid sse4_1 sse4_2 x2apic movbe popcnt tsc_deadline_timer aes xsave avx f16c rdrand lahf_lm abm 3dnowprefetch cpuid_fault epb invpcid_single pti ssbd ibrs ibpb stibp tpr_shadow vnmi flexpriority ept vpid fsgsbase tsc_adjust bmi1 hle avx2 smep bmi2 erms invpcid rtm mpx rdseed adx smap clflushopt intel_pt xsaveopt xsavec xgetbv1 xsaves dtherm ida arat pln pts hwp hwp_notify hwp_act_window hwp_epp flush_l1d
bugs		: cpu_meltdown spectre_v1 spectre_v2 spec_store_bypass l1tf
bogomips	: 6384.00
clflush size	: 64
cache_alignment	: 64
address sizes	: 39 bits physical, 48 bits virtual
power management:

processor	: 2
vendor_id	: GenuineIntel
cpu family	: 6
model		: 158
model name	: Intel(R) Core(TM) i7-8700 CPU @ 3.20GHz
stepping	: 10
microcode	: 0x96
cpu MHz		: 877.714
cache size	: 12288 KB
physical id	: 0
siblings	: 12
core id		: 2
cpu cores	: 6
apicid		: 4
initial apicid	: 4
fpu		: yes
fpu_exception	: yes
cpuid level	: 22
wp		: yes
flags		: fpu vme de pse tsc msr pae mce cx8 apic sep mtrr pge mca cmov pat pse36 clflush dts acpi mmx fxsr sse sse2 ss ht tm pbe syscall nx pdpe1gb rdtscp lm constant_tsc art arch_perfmon pebs bts rep_good nopl xtopology nonstop_tsc cpuid aperfmperf tsc_known_freq pni pclmulqdq dtes64 monitor ds_cpl vmx smx est tm2 ssse3 sdbg fma cx16 xtpr pdcm pcid sse4_1 sse4_2 x2apic movbe popcnt tsc_deadline_timer aes xsave avx f16c rdrand lahf_lm abm 3dnowprefetch cpuid_fault epb invpcid_single pti ssbd ibrs ibpb stibp tpr_shadow vnmi flexpriority ept vpid fsgsbase tsc_adjust bmi1 hle avx2 smep bmi2 erms invpcid rtm mpx rdseed adx smap clflushopt intel_pt xsaveopt xsavec xgetbv1 xsaves dtherm ida arat pln pts hwp hwp_notify hwp_act_window hwp_epp flush_l1d
bugs		: cpu_meltdown spectre_v1 spectre_v2 spec_store_bypass l1tf
bogomips	: 6384.00
clflush size	: 64
cache_alignment	: 64
address sizes	: 39 bits physical, 48 bits virtual
power management:

processor	: 3
vendor_id	: GenuineIntel
cpu family	: 6
model		: 158
model name	: Intel(R) Core(TM) i7-8700 CPU @ 3.20GHz
stepping	: 10
microcode	: 0x96
cpu MHz		: 890.969
cache size	: 12288 KB
physical id	: 0
siblings	: 12
core id		: 3
cpu cores	: 6
apicid		: 6
initial apicid	: 6
fpu		: yes
fpu_exception	: yes
cpuid level	: 22
wp		: yes
flags		: fpu vme de pse tsc msr pae mce cx8 apic sep mtrr pge mca cmov pat pse36 clflush dts acpi mmx fxsr sse sse2 ss ht tm pbe syscall nx pdpe1gb rdtscp lm constant_tsc art arch_perfmon pebs bts rep_good nopl xtopology nonstop_tsc cpuid aperfmperf tsc_known_freq pni pclmulqdq dtes64 monitor ds_cpl vmx smx est tm2 ssse3 sdbg fma cx16 xtpr pdcm pcid sse4_1 sse4_2 x2apic movbe popcnt tsc_deadline_timer aes xsave avx f16c rdrand lahf_lm abm 3dnowprefetch cpuid_fault epb invpcid_single pti ssbd ibrs ibpb stibp tpr_shadow vnmi flexpriority ept vpid fsgsbase tsc_adjust bmi1 hle avx2 smep bmi2 erms invpcid rtm mpx rdseed adx smap clflushopt intel_pt xsaveopt xsavec xgetbv1 xsaves dtherm ida arat pln pts hwp hwp_notify hwp_act_window hwp_epp flush_l1d
bugs		: cpu_meltdown spectre_v1 spectre_v2 spec_store_bypass l1tf
bogomips	: 6384.00
clflush size	: 64
cache_alignment	: 64
address sizes	: 39 bits physical, 48 bits virtual
power management:

processor	: 4
vendor_id	: GenuineIntel
cpu family	: 6
model		: 158
model name	: Intel(R) Core(TM) i7-8700 CPU @ 3.20GHz
stepping	: 10
microcode	: 0x96
cpu MHz		: 900.003
cache size	: 12288 KB
physical id	: 0
siblings	: 12
core id		: 4
cpu cores	: 6
apicid		: 8
initial apicid	: 8
fpu		: yes
fpu_exception	: yes
cpuid level	: 22
wp		: yes
flags		: fpu vme de pse tsc msr pae mce cx8 apic sep mtrr pge mca cmov pat pse36 clflush dts acpi mmx fxsr sse sse2 ss ht tm pbe syscall nx pdpe1gb rdtscp lm constant_tsc art arch_perfmon pebs bts rep_good nopl xtopology nonstop_tsc cpuid aperfmperf tsc_known_freq pni pclmulqdq dtes64 monitor ds_cpl vmx smx est tm2 ssse3 sdbg fma cx16 xtpr pdcm pcid sse4_1 sse4_2 x2apic movbe popcnt tsc_deadline_timer aes xsave avx f16c rdrand lahf_lm abm 3dnowprefetch cpuid_fault epb invpcid_single pti ssbd ibrs ibpb stibp tpr_shadow vnmi flexpriority ept vpid fsgsbase tsc_adjust bmi1 hle avx2 smep bmi2 erms invpcid rtm mpx rdseed adx smap clflushopt intel_pt xsaveopt xsavec xgetbv1 xsaves dtherm ida arat pln pts hwp hwp_notify hwp_act_window hwp_epp flush_l1d
bugs		: cpu_meltdown spectre_v1 spectre_v2 spec_store_bypass l1tf
bogomips	: 6384.00
clflush size	: 64
cache_alignment	: 64
address sizes	: 39 bits physical, 48 bits virtual
power management:

processor	: 5
vendor_id	: GenuineIntel
cpu family	: 6
model		: 158
model name	: Intel(R) Core(TM) i7-8700 CPU @ 3.20GHz
stepping	: 10
microcode	: 0x96
cpu MHz		: 900.056
cache size	: 12288 KB
physical id	: 0
siblings	: 12
core id		: 5
cpu cores	: 6
apicid		: 10
initial apicid	: 10
fpu		: yes
fpu_exception	: yes
cpuid level	: 22
wp		: yes
flags		: fpu vme de pse tsc msr pae mce cx8 apic sep mtrr pge mca cmov pat pse36 clflush dts acpi mmx fxsr sse sse2 ss ht tm pbe syscall nx pdpe1gb rdtscp lm constant_tsc art arch_perfmon pebs bts rep_good nopl xtopology nonstop_tsc cpuid aperfmperf tsc_known_freq pni pclmulqdq dtes64 monitor ds_cpl vmx smx est tm2 ssse3 sdbg fma cx16 xtpr pdcm pcid sse4_1 sse4_2 x2apic movbe popcnt tsc_deadline_timer aes xsave avx f16c rdrand lahf_lm abm 3dnowprefetch cpuid_fault epb invpcid_single pti ssbd ibrs ibpb stibp tpr_shadow vnmi flexpriority ept vpid fsgsbase tsc_adjust bmi1 hle avx2 smep bmi2 erms invpcid rtm mpx rdseed adx smap clflushopt intel_pt xsaveopt xsavec xgetbv1 xsaves dtherm ida arat pln pts hwp hwp_notify hwp_act_window hwp_epp flush_l1d
bugs		: cpu_meltdown spectre_v1 spectre_v2 spec_store_bypass l1tf
bogomips	: 6384.00
clflush size	: 64
cache_alignment	: 64
address sizes	: 39 bits physical, 48 bits virtual
power management:

processor	: 6
vendor_id	: GenuineIntel
cpu family	: 6
model		: 158
model name	: Intel(R) Core(TM) i7-8700 CPU @ 3.20GHz
stepping	: 10
microcode	: 0x96
cpu MHz		: 900.335
cache size	: 12288 KB
physical id	: 0
siblings	: 12
core id		: 0
cpu cores	: 6
apicid		: 1
initial apicid	: 1
fpu		: yes
fpu_exception	: yes
cpuid level	: 22
wp		: yes
flags		: fpu vme de pse tsc msr pae mce cx8 apic sep mtrr pge mca cmov pat pse36 clflush dts acpi mmx fxsr sse sse2 ss ht tm pbe syscall nx pdpe1gb rdtscp lm constant_tsc art arch_perfmon pebs bts rep_good nopl xtopology nonstop_tsc cpuid aperfmperf tsc_known_freq pni pclmulqdq dtes64 monitor ds_cpl vmx smx est tm2 ssse3 sdbg fma cx16 xtpr pdcm pcid sse4_1 sse4_2 x2apic movbe popcnt tsc_deadline_timer aes xsave avx f16c rdrand lahf_lm abm 3dnowprefetch cpuid_fault epb invpcid_single pti ssbd ibrs ibpb stibp tpr_shadow vnmi flexpriority ept vpid fsgsbase tsc_adjust bmi1 hle avx2 smep bmi2 erms invpcid rtm mpx rdseed adx smap clflushopt intel_pt xsaveopt xsavec xgetbv1 xsaves dtherm ida arat pln pts hwp hwp_notify hwp_act_window hwp_epp flush_l1d
bugs		: cpu_meltdown spectre_v1 spectre_v2 spec_store_bypass l1tf
bogomips	: 6384.00
clflush size	: 64
cache_alignment	: 64
address sizes	: 39 bits physical, 48 bits virtual
power management:

processor	: 7
vendor_id	: GenuineIntel
cpu family	: 6
model		: 158
model name	: Intel(R) Core(TM) i7-8700 CPU @ 3.20GHz
stepping	: 10
microcode	: 0x96
cpu MHz		: 900.180
cache size	: 12288 KB
physical id	: 0
siblings	: 12
core id		: 1
cpu cores	: 6
apicid		: 3
initial apicid	: 3
fpu		: yes
fpu_exception	: yes
cpuid level	: 22
wp		: yes
flags		: fpu vme de pse tsc msr pae mce cx8 apic sep mtrr pge mca cmov pat pse36 clflush dts acpi mmx fxsr sse sse2 ss ht tm pbe syscall nx pdpe1gb rdtscp lm constant_tsc art arch_perfmon pebs bts rep_good nopl xtopology nonstop_tsc cpuid aperfmperf tsc_known_freq pni pclmulqdq dtes64 monitor ds_cpl vmx smx est tm2 ssse3 sdbg fma cx16 xtpr pdcm pcid sse4_1 sse4_2 x2apic movbe popcnt tsc_deadline_timer aes xsave avx f16c rdrand lahf_lm abm 3dnowprefetch cpuid_fault epb invpcid_single pti ssbd ibrs ibpb stibp tpr_shadow vnmi flexpriority ept vpid fsgsbase tsc_adjust bmi1 hle avx2 smep bmi2 erms invpcid rtm mpx rdseed adx smap clflushopt intel_pt xsaveopt xsavec xgetbv1 xsaves dtherm ida arat pln pts hwp hwp_notify hwp_act_window hwp_epp flush_l1d
bugs		: cpu_meltdown spectre_v1 spectre_v2 spec_store_bypass l1tf
bogomips	: 6384.00
clflush size	: 64
cache_alignment	: 64
address sizes	: 39 bits physical, 48 bits virtual
power management:

processor	: 8
vendor_id	: GenuineIntel
cpu family	: 6
model		: 158
model name	: Intel(R) Core(TM) i7-8700 CPU @ 3.20GHz
stepping	: 10
microcode	: 0x96
cpu MHz		: 900.289
cache size	: 12288 KB
physical id	: 0
siblings	: 12
core id		: 2
cpu cores	: 6
apicid		: 5
initial apicid	: 5
fpu		: yes
fpu_exception	: yes
cpuid level	: 22
wp		: yes
flags		: fpu vme de pse tsc msr pae mce cx8 apic sep mtrr pge mca cmov pat pse36 clflush dts acpi mmx fxsr sse sse2 ss ht tm pbe syscall nx pdpe1gb rdtscp lm constant_tsc art arch_perfmon pebs bts rep_good nopl xtopology nonstop_tsc cpuid aperfmperf tsc_known_freq pni pclmulqdq dtes64 monitor ds_cpl vmx smx est tm2 ssse3 sdbg fma cx16 xtpr pdcm pcid sse4_1 sse4_2 x2apic movbe popcnt tsc_deadline_timer aes xsave avx f16c rdrand lahf_lm abm 3dnowprefetch cpuid_fault epb invpcid_single pti ssbd ibrs ibpb stibp tpr_shadow vnmi flexpriority ept vpid fsgsbase tsc_adjust bmi1 hle avx2 smep bmi2 erms invpcid rtm mpx rdseed adx smap clflushopt intel_pt xsaveopt xsavec xgetbv1 xsaves dtherm ida arat pln pts hwp hwp_notify hwp_act_window hwp_epp flush_l1d
bugs		: cpu_meltdown spectre_v1 spectre_v2 spec_store_bypass l1tf
bogomips	: 6384.00
clflush size	: 64
cache_alignment	: 64
address sizes	: 39 bits physical, 48 bits virtual
power management:

processor	: 9
vendor_id	: GenuineIntel
cpu family	: 6
model		: 158
model name	: Intel(R) Core(TM) i7-8700 CPU @ 3.20GHz
stepping	: 10
microcode	: 0x96
cpu MHz		: 902.036
cache size	: 12288 KB
physical id	: 0
siblings	: 12
core id		: 3
cpu cores	: 6
apicid		: 7
initial apicid	: 7
fpu		: yes
fpu_exception	: yes
cpuid level	: 22
wp		: yes
flags		: fpu vme de pse tsc msr pae mce cx8 apic sep mtrr pge mca cmov pat pse36 clflush dts acpi mmx fxsr sse sse2 ss ht tm pbe syscall nx pdpe1gb rdtscp lm constant_tsc art arch_perfmon pebs bts rep_good nopl xtopology nonstop_tsc cpuid aperfmperf tsc_known_freq pni pclmulqdq dtes64 monitor ds_cpl vmx smx est tm2 ssse3 sdbg fma cx16 xtpr pdcm pcid sse4_1 sse4_2 x2apic movbe popcnt tsc_deadline_timer aes xsave avx f16c rdrand lahf_lm abm 3dnowprefetch cpuid_fault epb invpcid_single pti ssbd ibrs ibpb stibp tpr_shadow vnmi flexpriority ept vpid fsgsbase tsc_adjust bmi1 hle avx2 smep bmi2 erms invpcid rtm mpx rdseed adx smap clflushopt intel_pt xsaveopt xsavec xgetbv1 xsaves dtherm ida arat pln pts hwp hwp_notify hwp_act_window hwp_epp flush_l1d
bugs		: cpu_meltdown spectre_v1 spectre_v2 spec_store_bypass l1tf
bogomips	: 6384.00
clflush size	: 64
cache_alignment	: 64
address sizes	: 39 bits physical, 48 bits virtual
power management:

processor	: 10
vendor_id	: GenuineIntel
cpu family	: 6
model		: 158
model name	: Intel(R) Core(TM) i7-8700 CPU @ 3.20GHz
stepping	: 10
microcode	: 0x96
cpu MHz		: 900.372
cache size	: 12288 KB
physical id	: 0
siblings	: 12
core id		: 4
cpu cores	: 6
apicid		: 9
initial apicid	: 9
fpu		: yes
fpu_exception	: yes
cpuid level	: 22
wp		: yes
flags		: fpu vme de pse tsc msr pae mce cx8 apic sep mtrr pge mca cmov pat pse36 clflush dts acpi mmx fxsr sse sse2 ss ht tm pbe syscall nx pdpe1gb rdtscp lm constant_tsc art arch_perfmon pebs bts rep_good nopl xtopology nonstop_tsc cpuid aperfmperf tsc_known_freq pni pclmulqdq dtes64 monitor ds_cpl vmx smx est tm2 ssse3 sdbg fma cx16 xtpr pdcm pcid sse4_1 sse4_2 x2apic movbe popcnt tsc_deadline_timer aes xsave avx f16c rdrand lahf_lm abm 3dnowprefetch cpuid_fault epb invpcid_single pti ssbd ibrs ibpb stibp tpr_shadow vnmi flexpriority ept vpid fsgsbase tsc_adjust bmi1 hle avx2 smep bmi2 erms invpcid rtm mpx rdseed adx smap clflushopt intel_pt xsaveopt xsavec xgetbv1 xsaves dtherm ida arat pln pts hwp hwp_notify hwp_act_window hwp_epp flush_l1d
bugs		: cpu_meltdown spectre_v1 spectre_v2 spec_store_bypass l1tf
bogomips	: 6384.00
clflush size	: 64
cache_alignment	: 64
address sizes	: 39 bits physical, 48 bits virtual
power management:

processor	: 11
vendor_id	: GenuineIntel
cpu family	: 6
model		: 158
model name	: Intel(R) Core(TM) i7-8700 CPU @ 3.20GHz
stepping	: 10
microcode	: 0x96
cpu MHz		: 872.347
cache size	: 12288 KB
physical id	: 0
siblings	: 12
core id		: 5
cpu cores	: 6
apicid		: 11
initial apicid	: 11
fpu		: yes
fpu_exception	: yes
cpuid level	: 22
wp		: yes
flags		: fpu vme de pse tsc msr pae mce cx8 apic sep mtrr pge mca cmov pat pse36 clflush dts acpi mmx fxsr sse sse2 ss ht tm pbe syscall nx pdpe1gb rdtscp lm constant_tsc art arch_perfmon pebs bts rep_good nopl xtopology nonstop_tsc cpuid aperfmperf tsc_known_freq pni pclmulqdq dtes64 monitor ds_cpl vmx smx est tm2 ssse3 sdbg fma cx16 xtpr pdcm pcid sse4_1 sse4_2 x2apic movbe popcnt tsc_deadline_timer aes xsave avx f16c rdrand lahf_lm abm 3dnowprefetch cpuid_fault epb invpcid_single pti ssbd ibrs ibpb stibp tpr_shadow vnmi flexpriority ept vpid fsgsbase tsc_adjust bmi1 hle avx2 smep bmi2 erms invpcid rtm mpx rdseed adx smap clflushopt intel_pt xsaveopt xsavec xgetbv1 xsaves dtherm ida arat pln pts hwp hwp_notify hwp_act_window hwp_epp flush_l1d
bugs		: cpu_meltdown spectre_v1 spectre_v2 spec_store_bypass l1tf
bogomips	: 6384.00
clflush size	: 64
cache_alignment	: 64
address sizes	: 39 bits physical, 48 bits virtual
power management:



Memory: 4k page, physical 32857844k(240044k free), swap 1000444k(0k free)

vm_info: OpenJDK 64-Bit Server VM (25.181-b13) for linux-amd64 JRE (1.8.0_181-8u181-b13-1ubuntu0.16.04.1-b13), built on Oct 23 2018 04:39:49 by "buildd" with gcc 5.4.0 20160609

time: Mon Nov 12 23:45:16 2018
elapsed time: 19533 seconds (0d 5h 25m 33s)

